This file contains any messages produced by compilers while
running configure, to aid debugging if configure makes a mistake.

It was created by linphone configure 3.7.0, which was
generated by GNU Autoconf 2.69.  Invocation command line was

  $ ./configure --prefix=/usr/local/NeoLine --no-create --no-recursion

## --------- ##
## Platform. ##
## --------- ##

hostname = dpalominop
uname -m = x86_64
uname -r = 3.13.0-32-generic
uname -s = Linux
uname -v = #57-Ubuntu SMP Tue Jul 15 03:51:08 UTC 2014

/usr/bin/uname -p = unknown
/bin/uname -X     = unknown

/bin/arch              = unknown
/usr/bin/arch -k       = unknown
/usr/convex/getsysinfo = unknown
/usr/bin/hostinfo      = unknown
/bin/machine           = unknown
/usr/bin/oslevel       = unknown
/bin/universe          = unknown

PATH: /usr/local/sbin
PATH: /usr/local/bin
PATH: /usr/sbin
PATH: /usr/bin
PATH: /sbin
PATH: /bin
PATH: /usr/games
PATH: /usr/local/games


## ----------- ##
## Core tests. ##
## ----------- ##

configure:2715: checking build system type
configure:2729: result: x86_64-unknown-linux-gnu
configure:2749: checking host system type
configure:2762: result: x86_64-unknown-linux-gnu
configure:2782: checking target system type
configure:2795: result: x86_64-unknown-linux-gnu
configure:2844: linphone-3.7.0		A full featured audio/video sip phone.
configure:2846: licensed under the terms of the General Public License (GPL)
configure:2865: checking for a BSD-compatible install
configure:2933: result: /usr/bin/install -c
configure:2944: checking whether build environment is sane
configure:2994: result: yes
configure:3135: checking for a thread-safe mkdir -p
configure:3174: result: /bin/mkdir -p
configure:3182: checking for gawk
configure:3198: found /usr/bin/gawk
configure:3209: result: gawk
configure:3220: checking whether make sets $(MAKE)
configure:3242: result: yes
configure:3317: checking how to create a pax tar archive
configure:3330: tar --version
tar (GNU tar) 1.27.1
Copyright (C) 2013 Free Software Foundation, Inc.
License GPLv3+: GNU GPL version 3 or later <http://gnu.org/licenses/gpl.html>.
This is free software: you are free to change and redistribute it.
There is NO WARRANTY, to the extent permitted by law.

Written by John Gilmore and Jay Fenlason.
configure:3333: $? = 0
configure:3373: tardir=conftest.dir && eval tar --format=posix -chf - "$tardir" >conftest.tar
configure:3376: $? = 0
configure:3380: tar -xf - <conftest.tar
configure:3383: $? = 0
configure:3396: result: gnutar
configure:3415: checking whether make supports nested variables
configure:3432: result: yes
configure:3506: checking for xcrun
configure:3536: result: no
configure:3506: checking for g++
configure:3522: found /usr/bin/g++
configure:3533: result: g++
configure:3560: checking for C++ compiler version
configure:3569: g++ --version >&5
g++ (Ubuntu 4.8.2-19ubuntu1) 4.8.2
Copyright (C) 2013 Free Software Foundation, Inc.
This is free software; see the source for copying conditions.  There is NO
warranty; not even for MERCHANTABILITY or FITNESS FOR A PARTICULAR PURPOSE.

configure:3580: $? = 0
configure:3569: g++ -v >&5
Using built-in specs.
COLLECT_GCC=g++
COLLECT_LTO_WRAPPER=/usr/lib/gcc/x86_64-linux-gnu/4.8/lto-wrapper
Target: x86_64-linux-gnu
Configured with: ../src/configure -v --with-pkgversion='Ubuntu 4.8.2-19ubuntu1' --with-bugurl=file:///usr/share/doc/gcc-4.8/README.Bugs --enable-languages=c,c++,java,go,d,fortran,objc,obj-c++ --prefix=/usr --program-suffix=-4.8 --enable-shared --enable-linker-build-id --libexecdir=/usr/lib --without-included-gettext --enable-threads=posix --with-gxx-include-dir=/usr/include/c++/4.8 --libdir=/usr/lib --enable-nls --with-sysroot=/ --enable-clocale=gnu --enable-libstdcxx-debug --enable-libstdcxx-time=yes --enable-gnu-unique-object --disable-libmudflap --enable-plugin --with-system-zlib --disable-browser-plugin --enable-java-awt=gtk --enable-gtk-cairo --with-java-home=/usr/lib/jvm/java-1.5.0-gcj-4.8-amd64/jre --enable-java-home --with-jvm-root-dir=/usr/lib/jvm/java-1.5.0-gcj-4.8-amd64 --with-jvm-jar-dir=/usr/lib/jvm-exports/java-1.5.0-gcj-4.8-amd64 --with-arch-directory=amd64 --with-ecj-jar=/usr/share/java/eclipse-ecj.jar --enable-objc-gc --enable-multiarch --disable-werror --with-arch-32=i686 --with-abi=m64 --with-multilib-list=m32,m64,mx32 --with-tune=generic --enable-checking=release --build=x86_64-linux-gnu --host=x86_64-linux-gnu --target=x86_64-linux-gnu
Thread model: posix
gcc version 4.8.2 (Ubuntu 4.8.2-19ubuntu1) 
configure:3580: $? = 0
configure:3569: g++ -V >&5
g++: error: unrecognized command line option '-V'
g++: fatal error: no input files
compilation terminated.
configure:3580: $? = 4
configure:3569: g++ -qversion >&5
g++: error: unrecognized command line option '-qversion'
g++: fatal error: no input files
compilation terminated.
configure:3580: $? = 4
configure:3600: checking whether the C++ compiler works
configure:3622: g++    conftest.cpp  >&5
configure:3626: $? = 0
configure:3674: result: yes
configure:3677: checking for C++ compiler default output file name
configure:3679: result: a.out
configure:3685: checking for suffix of executables
configure:3692: g++ -o conftest    conftest.cpp  >&5
configure:3696: $? = 0
configure:3718: result: 
configure:3740: checking whether we are cross compiling
configure:3748: g++ -o conftest    conftest.cpp  >&5
configure:3752: $? = 0
configure:3759: ./conftest
configure:3763: $? = 0
configure:3778: result: no
configure:3783: checking for suffix of object files
configure:3805: g++ -c   conftest.cpp >&5
configure:3809: $? = 0
configure:3830: result: o
configure:3834: checking whether we are using the GNU C++ compiler
configure:3853: g++ -c   conftest.cpp >&5
configure:3853: $? = 0
configure:3862: result: yes
configure:3871: checking whether g++ accepts -g
configure:3891: g++ -c -g  conftest.cpp >&5
configure:3891: $? = 0
configure:3932: result: yes
configure:3966: checking for style of include used by make
configure:3994: result: GNU
configure:4020: checking dependency style of g++
configure:4131: result: gcc3
configure:4200: checking for xcrun
configure:4230: result: no
configure:4200: checking for gcc
configure:4216: found /usr/bin/gcc
configure:4227: result: gcc
configure:4258: checking for C compiler version
configure:4267: gcc --version >&5
gcc (Ubuntu 4.8.2-19ubuntu1) 4.8.2
Copyright (C) 2013 Free Software Foundation, Inc.
This is free software; see the source for copying conditions.  There is NO
warranty; not even for MERCHANTABILITY or FITNESS FOR A PARTICULAR PURPOSE.

configure:4278: $? = 0
configure:4267: gcc -v >&5
Using built-in specs.
COLLECT_GCC=gcc
COLLECT_LTO_WRAPPER=/usr/lib/gcc/x86_64-linux-gnu/4.8/lto-wrapper
Target: x86_64-linux-gnu
Configured with: ../src/configure -v --with-pkgversion='Ubuntu 4.8.2-19ubuntu1' --with-bugurl=file:///usr/share/doc/gcc-4.8/README.Bugs --enable-languages=c,c++,java,go,d,fortran,objc,obj-c++ --prefix=/usr --program-suffix=-4.8 --enable-shared --enable-linker-build-id --libexecdir=/usr/lib --without-included-gettext --enable-threads=posix --with-gxx-include-dir=/usr/include/c++/4.8 --libdir=/usr/lib --enable-nls --with-sysroot=/ --enable-clocale=gnu --enable-libstdcxx-debug --enable-libstdcxx-time=yes --enable-gnu-unique-object --disable-libmudflap --enable-plugin --with-system-zlib --disable-browser-plugin --enable-java-awt=gtk --enable-gtk-cairo --with-java-home=/usr/lib/jvm/java-1.5.0-gcj-4.8-amd64/jre --enable-java-home --with-jvm-root-dir=/usr/lib/jvm/java-1.5.0-gcj-4.8-amd64 --with-jvm-jar-dir=/usr/lib/jvm-exports/java-1.5.0-gcj-4.8-amd64 --with-arch-directory=amd64 --with-ecj-jar=/usr/share/java/eclipse-ecj.jar --enable-objc-gc --enable-multiarch --disable-werror --with-arch-32=i686 --with-abi=m64 --with-multilib-list=m32,m64,mx32 --with-tune=generic --enable-checking=release --build=x86_64-linux-gnu --host=x86_64-linux-gnu --target=x86_64-linux-gnu
Thread model: posix
gcc version 4.8.2 (Ubuntu 4.8.2-19ubuntu1) 
configure:4278: $? = 0
configure:4267: gcc -V >&5
gcc: error: unrecognized command line option '-V'
gcc: fatal error: no input files
compilation terminated.
configure:4278: $? = 4
configure:4267: gcc -qversion >&5
gcc: error: unrecognized command line option '-qversion'
gcc: fatal error: no input files
compilation terminated.
configure:4278: $? = 4
configure:4282: checking whether we are using the GNU C compiler
configure:4301: gcc -c   conftest.c >&5
configure:4301: $? = 0
configure:4310: result: yes
configure:4319: checking whether gcc accepts -g
configure:4339: gcc -c -g  conftest.c >&5
configure:4339: $? = 0
configure:4380: result: yes
configure:4397: checking for gcc option to accept ISO C89
configure:4460: gcc  -c -g -O2  conftest.c >&5
configure:4460: $? = 0
configure:4473: result: none needed
configure:4495: checking dependency style of gcc
configure:4606: result: gcc3
configure:4624: checking if gcc/ld supports -Wl,--output-def
configure:4645: gcc -o conftest -g -O2  -Wl,--output-def,conftest.def conftest.c  >&5
/usr/bin/ld: unrecognized option '--output-def'
/usr/bin/ld: use the --help option for usage information
collect2: error: ld returned 1 exit status
configure:4645: $? = 1
configure: failed program was:
| /* confdefs.h */
| #define PACKAGE_NAME "linphone"
| #define PACKAGE_TARNAME "linphone"
| #define PACKAGE_VERSION "3.7.0"
| #define PACKAGE_STRING "linphone 3.7.0"
| #define PACKAGE_BUGREPORT "linphone-developers@nongnu.org"
| #define PACKAGE_URL ""
| #define PACKAGE "linphone"
| #define VERSION "3.7.0"
| /* end confdefs.h.  */
| 
| int
| main ()
| {
| 
|   ;
|   return 0;
| }
configure:4656: result: no
configure:4669: checking for strerror in -lcposix
configure:4694: gcc -o conftest -g -O2   conftest.c -lcposix   >&5
/usr/bin/ld: cannot find -lcposix
collect2: error: ld returned 1 exit status
configure:4694: $? = 1
configure: failed program was:
| /* confdefs.h */
| #define PACKAGE_NAME "linphone"
| #define PACKAGE_TARNAME "linphone"
| #define PACKAGE_VERSION "3.7.0"
| #define PACKAGE_STRING "linphone 3.7.0"
| #define PACKAGE_BUGREPORT "linphone-developers@nongnu.org"
| #define PACKAGE_URL ""
| #define PACKAGE "linphone"
| #define VERSION "3.7.0"
| /* end confdefs.h.  */
| 
| /* Override any GCC internal prototype to avoid an error.
|    Use char because int might match the return type of a GCC
|    builtin and then its argument prototype would still apply.  */
| #ifdef __cplusplus
| extern "C"
| #endif
| char strerror ();
| int
| main ()
| {
| return strerror ();
|   ;
|   return 0;
| }
configure:4703: result: no
configure:4711: checking for inline
configure:4727: gcc -c -g -O2  conftest.c >&5
configure:4727: $? = 0
configure:4735: result: inline
configure:4758: checking how to run the C preprocessor
configure:4789: gcc -E  conftest.c
configure:4789: $? = 0
configure:4803: gcc -E  conftest.c
conftest.c:11:28: fatal error: ac_nonexistent.h: No such file or directory
 #include <ac_nonexistent.h>
                            ^
compilation terminated.
configure:4803: $? = 1
configure: failed program was:
| /* confdefs.h */
| #define PACKAGE_NAME "linphone"
| #define PACKAGE_TARNAME "linphone"
| #define PACKAGE_VERSION "3.7.0"
| #define PACKAGE_STRING "linphone 3.7.0"
| #define PACKAGE_BUGREPORT "linphone-developers@nongnu.org"
| #define PACKAGE_URL ""
| #define PACKAGE "linphone"
| #define VERSION "3.7.0"
| /* end confdefs.h.  */
| #include <ac_nonexistent.h>
configure:4828: result: gcc -E
configure:4848: gcc -E  conftest.c
configure:4848: $? = 0
configure:4862: gcc -E  conftest.c
conftest.c:11:28: fatal error: ac_nonexistent.h: No such file or directory
 #include <ac_nonexistent.h>
                            ^
compilation terminated.
configure:4862: $? = 1
configure: failed program was:
| /* confdefs.h */
| #define PACKAGE_NAME "linphone"
| #define PACKAGE_TARNAME "linphone"
| #define PACKAGE_VERSION "3.7.0"
| #define PACKAGE_STRING "linphone 3.7.0"
| #define PACKAGE_BUGREPORT "linphone-developers@nongnu.org"
| #define PACKAGE_URL ""
| #define PACKAGE "linphone"
| #define VERSION "3.7.0"
| /* end confdefs.h.  */
| #include <ac_nonexistent.h>
configure:4891: checking for grep that handles long lines and -e
configure:4949: result: /bin/grep
configure:4954: checking for egrep
configure:5016: result: /bin/grep -E
configure:5021: checking for ANSI C header files
configure:5041: gcc -c -g -O2  conftest.c >&5
configure:5041: $? = 0
configure:5114: gcc -o conftest -g -O2   conftest.c  >&5
configure:5114: $? = 0
configure:5114: ./conftest
configure:5114: $? = 0
configure:5125: result: yes
configure:5134: checking whether gcc and cc understand -c and -o together
configure:5165: gcc -c conftest.c -o conftest2.o >&5
configure:5169: $? = 0
configure:5175: gcc -c conftest.c -o conftest2.o >&5
configure:5179: $? = 0
configure:5190: cc -c conftest.c >&5
configure:5194: $? = 0
configure:5202: cc -c conftest.c -o conftest2.o >&5
configure:5206: $? = 0
configure:5212: cc -c conftest.c -o conftest2.o >&5
configure:5216: $? = 0
configure:5234: result: yes
configure:5263: checking for md5sum
configure:5279: found /usr/bin/md5sum
configure:5290: result: md5sum
configure:5446: checking whether NLS is requested
configure:5455: result: yes
configure:5473: checking for intltool >= 0.40
configure:5475: result: 0.50.2 found
configure:5483: checking for intltool-update
configure:5501: found /usr/bin/intltool-update
configure:5513: result: /usr/bin/intltool-update
configure:5523: checking for intltool-merge
configure:5541: found /usr/bin/intltool-merge
configure:5553: result: /usr/bin/intltool-merge
configure:5563: checking for intltool-extract
configure:5581: found /usr/bin/intltool-extract
configure:5593: result: /usr/bin/intltool-extract
configure:5747: checking for xgettext
configure:5765: found /usr/bin/xgettext
configure:5777: result: /usr/bin/xgettext
configure:5787: checking for msgmerge
configure:5805: found /usr/bin/msgmerge
configure:5817: result: /usr/bin/msgmerge
configure:5827: checking for msgfmt
configure:5845: found /usr/bin/msgfmt
configure:5857: result: /usr/bin/msgfmt
configure:5867: checking for gmsgfmt
configure:5898: result: /usr/bin/msgfmt
configure:5918: checking for perl
configure:5936: found /usr/bin/perl
configure:5948: result: /usr/bin/perl
configure:5959: checking for perl >= 5.8.1
configure:5966: result: 5.18.2
configure:5998: gcc -o conftest -g -O2   conftest.c  >&5
configure:5998: $? = 0
configure:6071: checking how to print strings
configure:6098: result: printf
configure:6119: checking for a sed that does not truncate output
configure:6183: result: /bin/sed
configure:6201: checking for fgrep
configure:6263: result: /bin/grep -F
configure:6298: checking for ld used by gcc
configure:6365: result: /usr/bin/ld
configure:6372: checking if the linker (/usr/bin/ld) is GNU ld
configure:6387: result: yes
configure:6399: checking for BSD- or MS-compatible name lister (nm)
configure:6448: result: /usr/bin/nm -B
configure:6578: checking the name lister (/usr/bin/nm -B) interface
configure:6585: gcc -c -g -O2  conftest.c >&5
configure:6588: /usr/bin/nm -B "conftest.o"
configure:6591: output
0000000000000000 B some_variable
configure:6598: result: BSD nm
configure:6601: checking whether ln -s works
configure:6605: result: yes
configure:6613: checking the maximum length of command line arguments
configure:6744: result: 3458764513820540925
configure:6761: checking whether the shell understands some XSI constructs
configure:6771: result: yes
configure:6775: checking whether the shell understands "+="
configure:6781: result: yes
configure:6816: checking how to convert x86_64-unknown-linux-gnu file names to x86_64-unknown-linux-gnu format
configure:6856: result: func_convert_file_noop
configure:6863: checking how to convert x86_64-unknown-linux-gnu file names to toolchain format
configure:6883: result: func_convert_file_noop
configure:6890: checking for /usr/bin/ld option to reload object files
configure:6897: result: -r
configure:6971: checking for objdump
configure:6987: found /usr/bin/objdump
configure:6998: result: objdump
configure:7027: checking how to recognize dependent libraries
configure:7225: result: pass_all
configure:7310: checking for dlltool
configure:7340: result: no
configure:7367: checking how to associate runtime and link libraries
configure:7394: result: printf %s\n
configure:7454: checking for ar
configure:7470: found /usr/bin/ar
configure:7481: result: ar
configure:7518: checking for archiver @FILE support
configure:7535: gcc -c -g -O2  conftest.c >&5
configure:7535: $? = 0
configure:7538: ar cru libconftest.a @conftest.lst >&5
configure:7541: $? = 0
configure:7546: ar cru libconftest.a @conftest.lst >&5
ar: conftest.o: No such file or directory
configure:7549: $? = 1
configure:7561: result: @
configure:7619: checking for strip
configure:7635: found /usr/bin/strip
configure:7646: result: strip
configure:7718: checking for ranlib
configure:7734: found /usr/bin/ranlib
configure:7745: result: ranlib
configure:7847: checking command to parse /usr/bin/nm -B output from gcc object
configure:7967: gcc -c -g -O2  conftest.c >&5
configure:7970: $? = 0
configure:7974: /usr/bin/nm -B conftest.o \| sed -n -e 's/^.*[ ]\([ABCDGIRSTW][ABCDGIRSTW]*\)[ ][ ]*\([_A-Za-z][_A-Za-z0-9]*\)$/\1 \2 \2/p' | sed '/ __gnu_lto/d' \> conftest.nm
configure:7977: $? = 0
configure:8043: gcc -o conftest -g -O2   conftest.c conftstm.o >&5
configure:8046: $? = 0
configure:8084: result: ok
configure:8121: checking for sysroot
configure:8151: result: no
configure:8228: gcc -c -g -O2  conftest.c >&5
configure:8231: $? = 0
configure:8414: checking for mt
configure:8430: found /bin/mt
configure:8441: result: mt
configure:8464: checking if mt is a manifest tool
configure:8470: mt '-?'
configure:8478: result: no
configure:9120: checking for sys/types.h
configure:9120: gcc -c -g -O2  conftest.c >&5
configure:9120: $? = 0
configure:9120: result: yes
configure:9120: checking for sys/stat.h
configure:9120: gcc -c -g -O2  conftest.c >&5
configure:9120: $? = 0
configure:9120: result: yes
configure:9120: checking for stdlib.h
configure:9120: gcc -c -g -O2  conftest.c >&5
configure:9120: $? = 0
configure:9120: result: yes
configure:9120: checking for string.h
configure:9120: gcc -c -g -O2  conftest.c >&5
configure:9120: $? = 0
configure:9120: result: yes
configure:9120: checking for memory.h
configure:9120: gcc -c -g -O2  conftest.c >&5
configure:9120: $? = 0
configure:9120: result: yes
configure:9120: checking for strings.h
configure:9120: gcc -c -g -O2  conftest.c >&5
configure:9120: $? = 0
configure:9120: result: yes
configure:9120: checking for inttypes.h
configure:9120: gcc -c -g -O2  conftest.c >&5
configure:9120: $? = 0
configure:9120: result: yes
configure:9120: checking for stdint.h
configure:9120: gcc -c -g -O2  conftest.c >&5
configure:9120: $? = 0
configure:9120: result: yes
configure:9120: checking for unistd.h
configure:9120: gcc -c -g -O2  conftest.c >&5
configure:9120: $? = 0
configure:9120: result: yes
configure:9134: checking for dlfcn.h
configure:9134: gcc -c -g -O2  conftest.c >&5
configure:9134: $? = 0
configure:9134: result: yes
configure:9647: checking for objdir
configure:9662: result: .libs
configure:9933: checking if gcc supports -fno-rtti -fno-exceptions
configure:9951: gcc -c -g -O2  -fno-rtti -fno-exceptions conftest.c >&5
cc1: warning: command line option '-fno-rtti' is valid for C++/ObjC++ but not for C [enabled by default]
configure:9955: $? = 0
configure:9968: result: no
configure:10295: checking for gcc option to produce PIC
configure:10302: result: -fPIC -DPIC
configure:10310: checking if gcc PIC flag -fPIC -DPIC works
configure:10328: gcc -c -g -O2  -fPIC -DPIC -DPIC conftest.c >&5
configure:10332: $? = 0
configure:10345: result: yes
configure:10374: checking if gcc static flag -static works
configure:10402: result: yes
configure:10417: checking if gcc supports -c -o file.o
configure:10438: gcc -c -g -O2  -o out/conftest2.o conftest.c >&5
configure:10442: $? = 0
configure:10464: result: yes
configure:10472: checking if gcc supports -c -o file.o
configure:10519: result: yes
configure:10552: checking whether the gcc linker (/usr/bin/ld -m elf_x86_64) supports shared libraries
configure:11709: result: yes
configure:11746: checking whether -lc should be explicitly linked in
configure:11754: gcc -c -g -O2  conftest.c >&5
configure:11757: $? = 0
configure:11772: gcc -shared  -fPIC -DPIC conftest.o  -v -Wl,-soname -Wl,conftest -o conftest 2\>\&1 \| /bin/grep  -lc  \>/dev/null 2\>\&1
configure:11775: $? = 0
configure:11789: result: no
configure:11949: checking dynamic linker characteristics
configure:12449: gcc -o conftest -g -O2   -Wl,-rpath -Wl,/foo conftest.c  >&5
configure:12449: $? = 0
configure:12683: result: GNU/Linux ld.so
configure:12790: checking how to hardcode library paths into programs
configure:12815: result: immediate
configure:13355: checking whether stripping libraries is possible
configure:13360: result: yes
configure:13395: checking if libtool supports shared libraries
configure:13397: result: yes
configure:13400: checking whether to build shared libraries
configure:13421: result: yes
configure:13424: checking whether to build static libraries
configure:13428: result: no
configure:13451: checking how to run the C++ preprocessor
configure:13478: g++ -E  conftest.cpp
configure:13478: $? = 0
configure:13492: g++ -E  conftest.cpp
conftest.cpp:23:28: fatal error: ac_nonexistent.h: No such file or directory
 #include <ac_nonexistent.h>
                            ^
compilation terminated.
configure:13492: $? = 1
configure: failed program was:
| /* confdefs.h */
| #define PACKAGE_NAME "linphone"
| #define PACKAGE_TARNAME "linphone"
| #define PACKAGE_VERSION "3.7.0"
| #define PACKAGE_STRING "linphone 3.7.0"
| #define PACKAGE_BUGREPORT "linphone-developers@nongnu.org"
| #define PACKAGE_URL ""
| #define PACKAGE "linphone"
| #define VERSION "3.7.0"
| #define STDC_HEADERS 1
| #define HAVE_SYS_TYPES_H 1
| #define HAVE_SYS_STAT_H 1
| #define HAVE_STDLIB_H 1
| #define HAVE_STRING_H 1
| #define HAVE_MEMORY_H 1
| #define HAVE_STRINGS_H 1
| #define HAVE_INTTYPES_H 1
| #define HAVE_STDINT_H 1
| #define HAVE_UNISTD_H 1
| #define HAVE_DLFCN_H 1
| #define LT_OBJDIR ".libs/"
| /* end confdefs.h.  */
| #include <ac_nonexistent.h>
configure:13517: result: g++ -E
configure:13537: g++ -E  conftest.cpp
configure:13537: $? = 0
configure:13551: g++ -E  conftest.cpp
conftest.cpp:23:28: fatal error: ac_nonexistent.h: No such file or directory
 #include <ac_nonexistent.h>
                            ^
compilation terminated.
configure:13551: $? = 1
configure: failed program was:
| /* confdefs.h */
| #define PACKAGE_NAME "linphone"
| #define PACKAGE_TARNAME "linphone"
| #define PACKAGE_VERSION "3.7.0"
| #define PACKAGE_STRING "linphone 3.7.0"
| #define PACKAGE_BUGREPORT "linphone-developers@nongnu.org"
| #define PACKAGE_URL ""
| #define PACKAGE "linphone"
| #define VERSION "3.7.0"
| #define STDC_HEADERS 1
| #define HAVE_SYS_TYPES_H 1
| #define HAVE_SYS_STAT_H 1
| #define HAVE_STDLIB_H 1
| #define HAVE_STRING_H 1
| #define HAVE_MEMORY_H 1
| #define HAVE_STRINGS_H 1
| #define HAVE_INTTYPES_H 1
| #define HAVE_STDINT_H 1
| #define HAVE_UNISTD_H 1
| #define HAVE_DLFCN_H 1
| #define LT_OBJDIR ".libs/"
| /* end confdefs.h.  */
| #include <ac_nonexistent.h>
configure:13720: checking for ld used by g++
configure:13787: result: /usr/bin/ld -m elf_x86_64
configure:13794: checking if the linker (/usr/bin/ld -m elf_x86_64) is GNU ld
configure:13809: result: yes
configure:13864: checking whether the g++ linker (/usr/bin/ld -m elf_x86_64) supports shared libraries
configure:14866: result: yes
configure:14902: g++ -c -g -O2  conftest.cpp >&5
configure:14905: $? = 0
configure:15425: checking for g++ option to produce PIC
configure:15432: result: -fPIC -DPIC
configure:15440: checking if g++ PIC flag -fPIC -DPIC works
configure:15458: g++ -c -g -O2  -fPIC -DPIC -DPIC conftest.cpp >&5
configure:15462: $? = 0
configure:15475: result: yes
configure:15498: checking if g++ static flag -static works
configure:15526: result: yes
configure:15538: checking if g++ supports -c -o file.o
configure:15559: g++ -c -g -O2  -o out/conftest2.o conftest.cpp >&5
configure:15563: $? = 0
configure:15585: result: yes
configure:15590: checking if g++ supports -c -o file.o
configure:15637: result: yes
configure:15667: checking whether the g++ linker (/usr/bin/ld -m elf_x86_64) supports shared libraries
configure:15706: result: yes
configure:15847: checking dynamic linker characteristics
configure:16515: result: GNU/Linux ld.so
configure:16568: checking how to hardcode library paths into programs
configure:16593: result: immediate
configure:16663: Enable library dependencies linking: 
configure:16730: checking for pkg-config
configure:16748: found /usr/bin/pkg-config
configure:16760: result: /usr/bin/pkg-config
configure:16785: checking pkg-config is at least version 0.9.0
configure:16788: result: yes
configure:16841: checking for msgfmt
configure:16873: result: /usr/bin/msgfmt
configure:16882: checking for gmsgfmt
configure:16913: result: /usr/bin/msgfmt
configure:16964: checking for xgettext
configure:16996: result: /usr/bin/xgettext
configure:17042: checking for msgmerge
configure:17073: result: /usr/bin/msgmerge
configure:17127: checking for ld used by GCC
configure:17191: result: /usr/bin/ld -m elf_x86_64
configure:17198: checking if the linker (/usr/bin/ld -m elf_x86_64) is GNU ld
configure:17211: result: yes
configure:17218: checking for shared library run path origin
configure:17231: result: done
configure:17688: checking for CFPreferencesCopyAppValue
configure:17706: gcc -o conftest -g -O2   conftest.c  -Wl,-framework -Wl,CoreFoundation >&5
conftest.c:24:42: fatal error: CoreFoundation/CFPreferences.h: No such file or directory
 #include <CoreFoundation/CFPreferences.h>
                                          ^
compilation terminated.
configure:17706: $? = 1
configure: failed program was:
| /* confdefs.h */
| #define PACKAGE_NAME "linphone"
| #define PACKAGE_TARNAME "linphone"
| #define PACKAGE_VERSION "3.7.0"
| #define PACKAGE_STRING "linphone 3.7.0"
| #define PACKAGE_BUGREPORT "linphone-developers@nongnu.org"
| #define PACKAGE_URL ""
| #define PACKAGE "linphone"
| #define VERSION "3.7.0"
| #define STDC_HEADERS 1
| #define HAVE_SYS_TYPES_H 1
| #define HAVE_SYS_STAT_H 1
| #define HAVE_STDLIB_H 1
| #define HAVE_STRING_H 1
| #define HAVE_MEMORY_H 1
| #define HAVE_STRINGS_H 1
| #define HAVE_INTTYPES_H 1
| #define HAVE_STDINT_H 1
| #define HAVE_UNISTD_H 1
| #define HAVE_DLFCN_H 1
| #define LT_OBJDIR ".libs/"
| #define LINPHONE_ALL_LANGS "fr it de ja es pl cs nl sv pt_BR hu ru zh_CN nb_NO zh_TW he sr"
| /* end confdefs.h.  */
| #include <CoreFoundation/CFPreferences.h>
| int
| main ()
| {
| CFPreferencesCopyAppValue(NULL, NULL)
|   ;
|   return 0;
| }
configure:17715: result: no
configure:17722: checking for CFLocaleCopyCurrent
configure:17740: gcc -o conftest -g -O2   conftest.c  -Wl,-framework -Wl,CoreFoundation >&5
conftest.c:24:37: fatal error: CoreFoundation/CFLocale.h: No such file or directory
 #include <CoreFoundation/CFLocale.h>
                                     ^
compilation terminated.
configure:17740: $? = 1
configure: failed program was:
| /* confdefs.h */
| #define PACKAGE_NAME "linphone"
| #define PACKAGE_TARNAME "linphone"
| #define PACKAGE_VERSION "3.7.0"
| #define PACKAGE_STRING "linphone 3.7.0"
| #define PACKAGE_BUGREPORT "linphone-developers@nongnu.org"
| #define PACKAGE_URL ""
| #define PACKAGE "linphone"
| #define VERSION "3.7.0"
| #define STDC_HEADERS 1
| #define HAVE_SYS_TYPES_H 1
| #define HAVE_SYS_STAT_H 1
| #define HAVE_STDLIB_H 1
| #define HAVE_STRING_H 1
| #define HAVE_MEMORY_H 1
| #define HAVE_STRINGS_H 1
| #define HAVE_INTTYPES_H 1
| #define HAVE_STDINT_H 1
| #define HAVE_UNISTD_H 1
| #define HAVE_DLFCN_H 1
| #define LT_OBJDIR ".libs/"
| #define LINPHONE_ALL_LANGS "fr it de ja es pl cs nl sv pt_BR hu ru zh_CN nb_NO zh_TW he sr"
| /* end confdefs.h.  */
| #include <CoreFoundation/CFLocale.h>
| int
| main ()
| {
| CFLocaleCopyCurrent();
|   ;
|   return 0;
| }
configure:17749: result: no
configure:17798: checking for GNU gettext in libc
configure:17818: gcc -o conftest -g -O2   conftest.c  >&5
configure:17818: $? = 0
configure:17827: result: yes
configure:18433: checking whether to use NLS
configure:18435: result: yes
configure:18438: checking where the gettext function comes from
configure:18449: result: libc
configure:18532: checking for get_current_dir_name
configure:18532: gcc -o conftest -g -O2   conftest.c   >&5
configure:18532: $? = 0
configure:18532: result: yes
configure:18532: checking for strndup
configure:18532: gcc -o conftest -g -O2   conftest.c   >&5
conftest.c:52:6: warning: conflicting types for built-in function 'strndup' [enabled by default]
 char strndup ();
      ^
configure:18532: $? = 0
configure:18532: result: yes
configure:18532: checking for stpcpy
configure:18532: gcc -o conftest -g -O2   conftest.c   >&5
conftest.c:53:6: warning: conflicting types for built-in function 'stpcpy' [enabled by default]
 char stpcpy ();
      ^
configure:18532: $? = 0
configure:18532: result: yes
configure:18901: checking for LIBUPNP
configure:18908: $PKG_CONFIG --exists --print-errors "libupnp"
Package libupnp was not found in the pkg-config search path.
Perhaps you should add the directory containing `libupnp.pc'
to the PKG_CONFIG_PATH environment variable
No package 'libupnp' found
configure:18911: $? = 1
configure:18925: $PKG_CONFIG --exists --print-errors "libupnp"
Package libupnp was not found in the pkg-config search path.
Perhaps you should add the directory containing `libupnp.pc'
to the PKG_CONFIG_PATH environment variable
No package 'libupnp' found
configure:18928: $? = 1
configure:18942: result: no
No package 'libupnp' found
configure:19003: checking for LIBXML2
configure:19010: $PKG_CONFIG --exists --print-errors "libxml-2.0"
configure:19013: $? = 0
configure:19027: $PKG_CONFIG --exists --print-errors "libxml-2.0"
configure:19030: $? = 0
configure:19068: result: yes
configure:19107: checking for LIBGTK
configure:19114: $PKG_CONFIG --exists --print-errors "gtk+-2.0 >= 2.18.0 gthread-2.0"
Package gtk+-2.0 was not found in the pkg-config search path.
Perhaps you should add the directory containing `gtk+-2.0.pc'
to the PKG_CONFIG_PATH environment variable
No package 'gtk+-2.0' found
Package gthread-2.0 was not found in the pkg-config search path.
Perhaps you should add the directory containing `gthread-2.0.pc'
to the PKG_CONFIG_PATH environment variable
No package 'gthread-2.0' found
configure:19117: $? = 1
configure:19131: $PKG_CONFIG --exists --print-errors "gtk+-2.0 >= 2.18.0 gthread-2.0"
Package gtk+-2.0 was not found in the pkg-config search path.
Perhaps you should add the directory containing `gtk+-2.0.pc'
to the PKG_CONFIG_PATH environment variable
No package 'gtk+-2.0' found
Package gthread-2.0 was not found in the pkg-config search path.
Perhaps you should add the directory containing `gthread-2.0.pc'
to the PKG_CONFIG_PATH environment variable
No package 'gthread-2.0' found
configure:19134: $? = 1
configure:19148: result: no
No package 'gtk+-2.0' found
No package 'gthread-2.0' found
configure:19164: error: Package requirements (gtk+-2.0 >= 2.18.0 gthread-2.0) were not met:

No package 'gtk+-2.0' found
No package 'gthread-2.0' found

Consider adjusting the PKG_CONFIG_PATH environment variable if you
installed software in a non-standard prefix.

Alternatively, you may set the environment variables LIBGTK_CFLAGS
and LIBGTK_LIBS to avoid the need to call pkg-config.
See the pkg-config man page for more details.

## ---------------- ##
## Cache variables. ##
## ---------------- ##

ac_cv_build=x86_64-unknown-linux-gnu
ac_cv_c_compiler_gnu=yes
ac_cv_c_inline=inline
ac_cv_cxx_compiler_gnu=yes
ac_cv_env_BELLESIP_CFLAGS_set=
ac_cv_env_BELLESIP_CFLAGS_value=
ac_cv_env_BELLESIP_LIBS_set=
ac_cv_env_BELLESIP_LIBS_value=
ac_cv_env_CCC_set=
ac_cv_env_CCC_value=
ac_cv_env_CC_set=
ac_cv_env_CC_value=
ac_cv_env_CFLAGS_set=
ac_cv_env_CFLAGS_value=
ac_cv_env_CPPFLAGS_set=
ac_cv_env_CPPFLAGS_value=
ac_cv_env_CPP_set=
ac_cv_env_CPP_value=
ac_cv_env_CUNIT_CFLAGS_set=
ac_cv_env_CUNIT_CFLAGS_value=
ac_cv_env_CUNIT_LIBS_set=
ac_cv_env_CUNIT_LIBS_value=
ac_cv_env_CXXCPP_set=
ac_cv_env_CXXCPP_value=
ac_cv_env_CXXFLAGS_set=
ac_cv_env_CXXFLAGS_value=
ac_cv_env_CXX_set=
ac_cv_env_CXX_value=
ac_cv_env_LDAP_CFLAGS_set=
ac_cv_env_LDAP_CFLAGS_value=
ac_cv_env_LDAP_LIBS_set=
ac_cv_env_LDAP_LIBS_value=
ac_cv_env_LDFLAGS_set=
ac_cv_env_LDFLAGS_value=
ac_cv_env_LIBGTKMAC_CFLAGS_set=
ac_cv_env_LIBGTKMAC_CFLAGS_value=
ac_cv_env_LIBGTKMAC_LIBS_set=
ac_cv_env_LIBGTKMAC_LIBS_value=
ac_cv_env_LIBGTKWIZARD_CFLAGS_set=
ac_cv_env_LIBGTKWIZARD_CFLAGS_value=
ac_cv_env_LIBGTKWIZARD_LIBS_set=
ac_cv_env_LIBGTKWIZARD_LIBS_value=
ac_cv_env_LIBGTK_CFLAGS_set=
ac_cv_env_LIBGTK_CFLAGS_value=
ac_cv_env_LIBGTK_LIBS_set=
ac_cv_env_LIBGTK_LIBS_value=
ac_cv_env_LIBSOUP_CFLAGS_set=
ac_cv_env_LIBSOUP_CFLAGS_value=
ac_cv_env_LIBSOUP_LIBS_set=
ac_cv_env_LIBSOUP_LIBS_value=
ac_cv_env_LIBS_set=
ac_cv_env_LIBS_value=
ac_cv_env_LIBUPNP_CFLAGS_set=
ac_cv_env_LIBUPNP_CFLAGS_value=
ac_cv_env_LIBUPNP_LIBS_set=
ac_cv_env_LIBUPNP_LIBS_value=
ac_cv_env_LIBXML2_CFLAGS_set=
ac_cv_env_LIBXML2_CFLAGS_value=
ac_cv_env_LIBXML2_LIBS_set=
ac_cv_env_LIBXML2_LIBS_value=
ac_cv_env_MEDIASTREAMER_CFLAGS_set=
ac_cv_env_MEDIASTREAMER_CFLAGS_value=
ac_cv_env_MEDIASTREAMER_LIBS_set=
ac_cv_env_MEDIASTREAMER_LIBS_value=
ac_cv_env_NOTIFY1_CFLAGS_set=
ac_cv_env_NOTIFY1_CFLAGS_value=
ac_cv_env_NOTIFY1_LIBS_set=
ac_cv_env_NOTIFY1_LIBS_value=
ac_cv_env_NOTIFY4_CFLAGS_set=
ac_cv_env_NOTIFY4_CFLAGS_value=
ac_cv_env_NOTIFY4_LIBS_set=
ac_cv_env_NOTIFY4_LIBS_value=
ac_cv_env_ORTP_CFLAGS_set=
ac_cv_env_ORTP_CFLAGS_value=
ac_cv_env_ORTP_LIBS_set=
ac_cv_env_ORTP_LIBS_value=
ac_cv_env_PKG_CONFIG_LIBDIR_set=
ac_cv_env_PKG_CONFIG_LIBDIR_value=
ac_cv_env_PKG_CONFIG_PATH_set=
ac_cv_env_PKG_CONFIG_PATH_value=
ac_cv_env_PKG_CONFIG_set=
ac_cv_env_PKG_CONFIG_value=
ac_cv_env_SASL_CFLAGS_set=
ac_cv_env_SASL_CFLAGS_value=
ac_cv_env_SASL_LIBS_set=
ac_cv_env_SASL_LIBS_value=
ac_cv_env_SPEEX_CFLAGS_set=
ac_cv_env_SPEEX_CFLAGS_value=
ac_cv_env_SPEEX_LIBS_set=
ac_cv_env_SPEEX_LIBS_value=
ac_cv_env_SQLITE3_CFLAGS_set=
ac_cv_env_SQLITE3_CFLAGS_value=
ac_cv_env_SQLITE3_LIBS_set=
ac_cv_env_SQLITE3_LIBS_value=
ac_cv_env_TUNNEL_CFLAGS_set=
ac_cv_env_TUNNEL_CFLAGS_value=
ac_cv_env_TUNNEL_LIBS_set=
ac_cv_env_TUNNEL_LIBS_value=
ac_cv_env_build_alias_set=
ac_cv_env_build_alias_value=
ac_cv_env_host_alias_set=
ac_cv_env_host_alias_value=
ac_cv_env_target_alias_set=
ac_cv_env_target_alias_value=
ac_cv_func_get_current_dir_name=yes
ac_cv_func_stpcpy=yes
ac_cv_func_strndup=yes
ac_cv_header_dlfcn_h=yes
ac_cv_header_inttypes_h=yes
ac_cv_header_memory_h=yes
ac_cv_header_stdc=yes
ac_cv_header_stdint_h=yes
ac_cv_header_stdlib_h=yes
ac_cv_header_string_h=yes
ac_cv_header_strings_h=yes
ac_cv_header_sys_stat_h=yes
ac_cv_header_sys_types_h=yes
ac_cv_header_unistd_h=yes
ac_cv_host=x86_64-unknown-linux-gnu
ac_cv_lib_cposix_strerror=no
ac_cv_objext=o
ac_cv_path_EGREP='/bin/grep -E'
ac_cv_path_FGREP='/bin/grep -F'
ac_cv_path_GMSGFMT=/usr/bin/msgfmt
ac_cv_path_GREP=/bin/grep
ac_cv_path_INTLTOOL_EXTRACT=/usr/bin/intltool-extract
ac_cv_path_INTLTOOL_MERGE=/usr/bin/intltool-merge
ac_cv_path_INTLTOOL_PERL=/usr/bin/perl
ac_cv_path_INTLTOOL_UPDATE=/usr/bin/intltool-update
ac_cv_path_MSGFMT=/usr/bin/msgfmt
ac_cv_path_MSGMERGE=/usr/bin/msgmerge
ac_cv_path_SED=/bin/sed
ac_cv_path_XGETTEXT=/usr/bin/xgettext
ac_cv_path_ac_pt_PKG_CONFIG=/usr/bin/pkg-config
ac_cv_path_install='/usr/bin/install -c'
ac_cv_path_mkdir=/bin/mkdir
ac_cv_prog_AWK=gawk
ac_cv_prog_CPP='gcc -E'
ac_cv_prog_CXXCPP='g++ -E'
ac_cv_prog_MD5SUM=md5sum
ac_cv_prog_ac_ct_AR=ar
ac_cv_prog_ac_ct_CC=gcc
ac_cv_prog_ac_ct_CXX=g++
ac_cv_prog_ac_ct_MANIFEST_TOOL=mt
ac_cv_prog_ac_ct_OBJDUMP=objdump
ac_cv_prog_ac_ct_RANLIB=ranlib
ac_cv_prog_ac_ct_STRIP=strip
ac_cv_prog_cc_c89=
ac_cv_prog_cc_g=yes
ac_cv_prog_cc_gcc_c_o=yes
ac_cv_prog_cxx_g=yes
ac_cv_prog_make_make_set=yes
ac_cv_target=x86_64-unknown-linux-gnu
acl_cv_hardcode_direct=no
acl_cv_hardcode_libdir_flag_spec='${wl}-rpath ${wl}$libdir'
acl_cv_hardcode_libdir_separator=
acl_cv_hardcode_minus_L=no
acl_cv_libext=a
acl_cv_path_LD='/usr/bin/ld -m elf_x86_64'
acl_cv_prog_gnu_ld=yes
acl_cv_rpath=done
acl_cv_shlibext=so
acl_cv_wl=-Wl,
am_cv_CC_dependencies_compiler_type=gcc3
am_cv_CXX_dependencies_compiler_type=gcc3
am_cv_make_support_nested_variables=yes
am_cv_prog_tar_pax=gnutar
gl_cv_ld_output_def=no
gt_cv_func_CFLocaleCopyCurrent=no
gt_cv_func_CFPreferencesCopyAppValue=no
gt_cv_func_gnugettext1_libc=yes
lt_cv_ar_at_file=@
lt_cv_archive_cmds_need_lc=no
lt_cv_deplibs_check_method=pass_all
lt_cv_file_magic_cmd='$MAGIC_CMD'
lt_cv_file_magic_test_file=
lt_cv_ld_reload_flag=-r
lt_cv_nm_interface='BSD nm'
lt_cv_objdir=.libs
lt_cv_path_LD=/usr/bin/ld
lt_cv_path_LDCXX='/usr/bin/ld -m elf_x86_64'
lt_cv_path_NM='/usr/bin/nm -B'
lt_cv_path_mainfest_tool=no
lt_cv_prog_compiler_c_o=yes
lt_cv_prog_compiler_c_o_CXX=yes
lt_cv_prog_compiler_pic='-fPIC -DPIC'
lt_cv_prog_compiler_pic_CXX='-fPIC -DPIC'
lt_cv_prog_compiler_pic_works=yes
lt_cv_prog_compiler_pic_works_CXX=yes
lt_cv_prog_compiler_rtti_exceptions=no
lt_cv_prog_compiler_static_works=yes
lt_cv_prog_compiler_static_works_CXX=yes
lt_cv_prog_gnu_ld=yes
lt_cv_prog_gnu_ldcxx=yes
lt_cv_sharedlib_from_linklib_cmd='printf %s\n'
lt_cv_shlibpath_overrides_runpath=no
lt_cv_sys_global_symbol_pipe='sed -n -e '\''s/^.*[	 ]\([ABCDGIRSTW][ABCDGIRSTW]*\)[	 ][	 ]*\([_A-Za-z][_A-Za-z0-9]*\)$/\1 \2 \2/p'\'' | sed '\''/ __gnu_lto/d'\'''
lt_cv_sys_global_symbol_to_c_name_address='sed -n -e '\''s/^: \([^ ]*\)[ ]*$/  {\"\1\", (void *) 0},/p'\'' -e '\''s/^[ABCDGIRSTW]* \([^ ]*\) \([^ ]*\)$/  {"\2", (void *) \&\2},/p'\'''
lt_cv_sys_global_symbol_to_c_name_address_lib_prefix='sed -n -e '\''s/^: \([^ ]*\)[ ]*$/  {\"\1\", (void *) 0},/p'\'' -e '\''s/^[ABCDGIRSTW]* \([^ ]*\) \(lib[^ ]*\)$/  {"\2", (void *) \&\2},/p'\'' -e '\''s/^[ABCDGIRSTW]* \([^ ]*\) \([^ ]*\)$/  {"lib\2", (void *) \&\2},/p'\'''
lt_cv_sys_global_symbol_to_cdecl='sed -n -e '\''s/^T .* \(.*\)$/extern int \1();/p'\'' -e '\''s/^[ABCDGIRSTW]* .* \(.*\)$/extern char \1;/p'\'''
lt_cv_sys_max_cmd_len=3458764513820540925
lt_cv_to_host_file_cmd=func_convert_file_noop
lt_cv_to_tool_file_cmd=func_convert_file_noop
pkg_cv_LIBXML2_CFLAGS='-I/usr/include/libxml2  '
pkg_cv_LIBXML2_LIBS='-lxml2  '

## ----------------- ##
## Output variables. ##
## ----------------- ##

ACLOCAL='${SHELL} /home/dpalominop/Linphone/linphone-3.7.0/missing --run aclocal-1.11'
ACLOCAL_MACOS_FLAGS=''
ALL_LINGUAS='fr it de ja es pl cs nl sv pt_BR hu ru zh_CN nb_NO zh_TW he sr'
AMDEPBACKSLASH='\'
AMDEP_FALSE='#'
AMDEP_TRUE=''
AMTAR='$${TAR-tar}'
AM_BACKSLASH='\'
AM_DEFAULT_V='$(AM_DEFAULT_VERBOSITY)'
AM_DEFAULT_VERBOSITY='0'
AM_V='$(V)'
AR='ar'
ARMBUILD_FALSE=''
ARMBUILD_TRUE=''
AS='as'
AUTOCONF='${SHELL} /home/dpalominop/Linphone/linphone-3.7.0/missing --run autoconf'
AUTOHEADER='${SHELL} /home/dpalominop/Linphone/linphone-3.7.0/missing --run autoheader'
AUTOMAKE='${SHELL} /home/dpalominop/Linphone/linphone-3.7.0/missing --run automake-1.11'
AWK='gawk'
BELLESIP_CFLAGS=''
BELLESIP_LIBS=''
BUILD_CONSOLE_FALSE=''
BUILD_CONSOLE_TRUE=''
BUILD_CUNIT_TESTS_FALSE=''
BUILD_CUNIT_TESTS_TRUE=''
BUILD_GTK_UI_FALSE=''
BUILD_GTK_UI_TRUE=''
BUILD_LDAP_FALSE=''
BUILD_LDAP_TRUE='#'
BUILD_MSG_STORAGE_FALSE=''
BUILD_MSG_STORAGE_TRUE=''
BUILD_TOOLS_FALSE='#'
BUILD_TOOLS_TRUE=''
BUILD_TRUESPEECH_FALSE=''
BUILD_TRUESPEECH_TRUE=''
BUILD_TUNNEL_FALSE=''
BUILD_TUNNEL_TRUE=''
BUILD_UPNP_FALSE=''
BUILD_UPNP_TRUE='#'
BUILD_WIN32_FALSE=''
BUILD_WIN32_TRUE=''
BUILD_WIZARD_FALSE=''
BUILD_WIZARD_TRUE=''
BUILD_ZRTP_FALSE=''
BUILD_ZRTP_TRUE=''
CC='gcc'
CCDEPMODE='depmode=gcc3'
CFLAGS='-g -O2'
CONSOLE_FLAGS=''
CPP='gcc -E'
CPPFLAGS=''
CUNIT_CFLAGS=''
CUNIT_LIBS=''
CXX='g++'
CXXCPP='g++ -E'
CXXDEPMODE='depmode=gcc3'
CXXFLAGS='-g -O2'
CYGPATH_W='echo'
DATADIRNAME='share'
DEFS=''
DEPDIR='.deps'
DLLTOOL='false'
DOXYGEN=''
DSYMUTIL=''
DUMPBIN=''
ECHO_C=''
ECHO_N='-n'
ECHO_T=''
EGREP='/bin/grep -E'
ENABLE_MANUAL_FALSE=''
ENABLE_MANUAL_TRUE=''
ENABLE_TESTS_FALSE=''
ENABLE_TESTS_TRUE=''
ENABLE_TUTORIALS_FALSE=''
ENABLE_TUTORIALS_TRUE=''
EXEEXT=''
FGREP='/bin/grep -F'
GETTEXT_PACKAGE='linphone'
GMSGFMT='/usr/bin/msgfmt'
GMSGFMT_015='/usr/bin/msgfmt'
GREP='/bin/grep'
GUI_FLAGS=''
HAVE_DOXYGEN_FALSE=''
HAVE_DOXYGEN_TRUE=''
HAVE_LD_OUTPUT_DEF_FALSE=''
HAVE_LD_OUTPUT_DEF_TRUE='#'
HAVE_MD5SUM_FALSE='#'
HAVE_MD5SUM_TRUE=''
HTTPS_CA_DIR=''
INSTALL_DATA='${INSTALL} -m 644'
INSTALL_PROGRAM='${INSTALL}'
INSTALL_SCRIPT='${INSTALL}'
INSTALL_STRIP_PROGRAM='$(install_sh) -c -s'
INTLLIBS=''
INTLTOOL_CAVES_RULE='%.caves:     %.caves.in     $(INTLTOOL_MERGE) $(wildcard $(top_srcdir)/po/*.po) ; $(INTLTOOL_V_MERGE)LC_ALL=C $(INTLTOOL_MERGE) $(INTLTOOL_V_MERGE_OPTIONS) -d -u -c $(top_builddir)/po/.intltool-merge-cache $(top_srcdir)/po $< $@'
INTLTOOL_DESKTOP_RULE='%.desktop:   %.desktop.in   $(INTLTOOL_MERGE) $(wildcard $(top_srcdir)/po/*.po) ; $(INTLTOOL_V_MERGE)LC_ALL=C $(INTLTOOL_MERGE) $(INTLTOOL_V_MERGE_OPTIONS) -d -u -c $(top_builddir)/po/.intltool-merge-cache $(top_srcdir)/po $< $@'
INTLTOOL_DIRECTORY_RULE='%.directory: %.directory.in $(INTLTOOL_MERGE) $(wildcard $(top_srcdir)/po/*.po) ; $(INTLTOOL_V_MERGE)LC_ALL=C $(INTLTOOL_MERGE) $(INTLTOOL_V_MERGE_OPTIONS) -d -u -c $(top_builddir)/po/.intltool-merge-cache $(top_srcdir)/po $< $@'
INTLTOOL_EXTRACT='/usr/bin/intltool-extract'
INTLTOOL_KBD_RULE='%.kbd:       %.kbd.in       $(INTLTOOL_MERGE) $(wildcard $(top_srcdir)/po/*.po) ; $(INTLTOOL_V_MERGE)LC_ALL=C $(INTLTOOL_MERGE) $(INTLTOOL_V_MERGE_OPTIONS) -x -u -m -c $(top_builddir)/po/.intltool-merge-cache $(top_srcdir)/po $< $@'
INTLTOOL_KEYS_RULE='%.keys:      %.keys.in      $(INTLTOOL_MERGE) $(wildcard $(top_srcdir)/po/*.po) ; $(INTLTOOL_V_MERGE)LC_ALL=C $(INTLTOOL_MERGE) $(INTLTOOL_V_MERGE_OPTIONS) -k -u -c $(top_builddir)/po/.intltool-merge-cache $(top_srcdir)/po $< $@'
INTLTOOL_MERGE='/usr/bin/intltool-merge'
INTLTOOL_OAF_RULE='%.oaf:       %.oaf.in       $(INTLTOOL_MERGE) $(wildcard $(top_srcdir)/po/*.po) ; $(INTLTOOL_V_MERGE)LC_ALL=C $(INTLTOOL_MERGE) $(INTLTOOL_V_MERGE_OPTIONS) -o -p $(top_srcdir)/po $< $@'
INTLTOOL_PERL='/usr/bin/perl'
INTLTOOL_POLICY_RULE='%.policy:    %.policy.in    $(INTLTOOL_MERGE) $(wildcard $(top_srcdir)/po/*.po) ; $(INTLTOOL_V_MERGE)LC_ALL=C $(INTLTOOL_MERGE) $(INTLTOOL_V_MERGE_OPTIONS) -x -u -c $(top_builddir)/po/.intltool-merge-cache $(top_srcdir)/po $< $@'
INTLTOOL_PONG_RULE='%.pong:      %.pong.in      $(INTLTOOL_MERGE) $(wildcard $(top_srcdir)/po/*.po) ; $(INTLTOOL_V_MERGE)LC_ALL=C $(INTLTOOL_MERGE) $(INTLTOOL_V_MERGE_OPTIONS) -x -u -c $(top_builddir)/po/.intltool-merge-cache $(top_srcdir)/po $< $@'
INTLTOOL_PROP_RULE='%.prop:      %.prop.in      $(INTLTOOL_MERGE) $(wildcard $(top_srcdir)/po/*.po) ; $(INTLTOOL_V_MERGE)LC_ALL=C $(INTLTOOL_MERGE) $(INTLTOOL_V_MERGE_OPTIONS) -d -u -c $(top_builddir)/po/.intltool-merge-cache $(top_srcdir)/po $< $@'
INTLTOOL_SCHEMAS_RULE='%.schemas:   %.schemas.in   $(INTLTOOL_MERGE) $(wildcard $(top_srcdir)/po/*.po) ; $(INTLTOOL_V_MERGE)LC_ALL=C $(INTLTOOL_MERGE) $(INTLTOOL_V_MERGE_OPTIONS) -s -u -c $(top_builddir)/po/.intltool-merge-cache $(top_srcdir)/po $< $@'
INTLTOOL_SERVER_RULE='%.server:    %.server.in    $(INTLTOOL_MERGE) $(wildcard $(top_srcdir)/po/*.po) ; $(INTLTOOL_V_MERGE)LC_ALL=C $(INTLTOOL_MERGE) $(INTLTOOL_V_MERGE_OPTIONS) -o -u -c $(top_builddir)/po/.intltool-merge-cache $(top_srcdir)/po $< $@'
INTLTOOL_SERVICE_RULE='%.service: %.service.in   $(INTLTOOL_MERGE) $(wildcard $(top_srcdir)/po/*.po) ; $(INTLTOOL_V_MERGE)LC_ALL=C $(INTLTOOL_MERGE) $(INTLTOOL_V_MERGE_OPTIONS) -d -u -c $(top_builddir)/po/.intltool-merge-cache $(top_srcdir)/po $< $@'
INTLTOOL_SHEET_RULE='%.sheet:     %.sheet.in     $(INTLTOOL_MERGE) $(wildcard $(top_srcdir)/po/*.po) ; $(INTLTOOL_V_MERGE)LC_ALL=C $(INTLTOOL_MERGE) $(INTLTOOL_V_MERGE_OPTIONS) -x -u -c $(top_builddir)/po/.intltool-merge-cache $(top_srcdir)/po $< $@'
INTLTOOL_SOUNDLIST_RULE='%.soundlist: %.soundlist.in $(INTLTOOL_MERGE) $(wildcard $(top_srcdir)/po/*.po) ; $(INTLTOOL_V_MERGE)LC_ALL=C $(INTLTOOL_MERGE) $(INTLTOOL_V_MERGE_OPTIONS) -d -u -c $(top_builddir)/po/.intltool-merge-cache $(top_srcdir)/po $< $@'
INTLTOOL_THEME_RULE='%.theme:     %.theme.in     $(INTLTOOL_MERGE) $(wildcard $(top_srcdir)/po/*.po) ; $(INTLTOOL_V_MERGE)LC_ALL=C $(INTLTOOL_MERGE) $(INTLTOOL_V_MERGE_OPTIONS) -d -u -c $(top_builddir)/po/.intltool-merge-cache $(top_srcdir)/po $< $@'
INTLTOOL_UI_RULE='%.ui:        %.ui.in        $(INTLTOOL_MERGE) $(wildcard $(top_srcdir)/po/*.po) ; $(INTLTOOL_V_MERGE)LC_ALL=C $(INTLTOOL_MERGE) $(INTLTOOL_V_MERGE_OPTIONS) -x -u -c $(top_builddir)/po/.intltool-merge-cache $(top_srcdir)/po $< $@'
INTLTOOL_UPDATE='/usr/bin/intltool-update'
INTLTOOL_V_MERGE='$(INTLTOOL__v_MERGE_$(V))'
INTLTOOL_V_MERGE_OPTIONS='$(intltool__v_merge_options_$(V))'
INTLTOOL_XAM_RULE='%.xam:       %.xml.in       $(INTLTOOL_MERGE) $(wildcard $(top_srcdir)/po/*.po) ; $(INTLTOOL_V_MERGE)LC_ALL=C $(INTLTOOL_MERGE) $(INTLTOOL_V_MERGE_OPTIONS) -x -u -c $(top_builddir)/po/.intltool-merge-cache $(top_srcdir)/po $< $@'
INTLTOOL_XML_NOMERGE_RULE='%.xml:       %.xml.in       $(INTLTOOL_MERGE) ; $(INTLTOOL_V_MERGE)LC_ALL=C $(INTLTOOL_MERGE) $(INTLTOOL_V_MERGE_OPTIONS) -x -u --no-translations $< $@'
INTLTOOL_XML_RULE='%.xml:       %.xml.in       $(INTLTOOL_MERGE) $(wildcard $(top_srcdir)/po/*.po) ; $(INTLTOOL_V_MERGE)LC_ALL=C $(INTLTOOL_MERGE) $(INTLTOOL_V_MERGE_OPTIONS) -x -u -c $(top_builddir)/po/.intltool-merge-cache $(top_srcdir)/po $< $@'
INTLTOOL__v_MERGE_0='@echo "  ITMRG " $@;'
INTLTOOL__v_MERGE_='$(INTLTOOL__v_MERGE_$(AM_DEFAULT_VERBOSITY))'
INTL_MACOSX_LIBS=''
IPV6_CFLAGS=''
LD='/usr/bin/ld -m elf_x86_64'
LDAP_CFLAGS=''
LDAP_LIBS=''
LDFLAGS=''
LIBGTKMAC_CFLAGS=''
LIBGTKMAC_LIBS=''
LIBGTKWIZARD_CFLAGS=''
LIBGTKWIZARD_LIBS=''
LIBGTK_CFLAGS=''
LIBGTK_LIBS=''
LIBICONV='-liconv'
LIBINTL=''
LIBLINPHONE_SO_CURRENT='6'
LIBLINPHONE_SO_VERSION='6:0:0'
LIBOBJS=''
LIBS=' '
LIBSOUP_CFLAGS=''
LIBSOUP_LIBS=''
LIBTOOL='$(SHELL) $(top_builddir)/libtool'
LIBTOOL_DEPS='./ltmain.sh'
LIBUPNP_CFLAGS=''
LIBUPNP_LIBS=''
LIBXML2_CFLAGS='-I/usr/include/libxml2  '
LIBXML2_LIBS='-lxml2  '
LINPHONE_CFLAGS=''
LINPHONE_LIBS=''
LINPHONE_PLUGINS_DIR=''
LINPHONE_VERSION='3.7.0'
LIPO=''
LN_S='ln -s'
LTLIBICONV='-liconv'
LTLIBINTL=''
LTLIBOBJS=''
MAKEINFO='${SHELL} /home/dpalominop/Linphone/linphone-3.7.0/missing --run makeinfo'
MANIFEST_TOOL=':'
MD5SUM='md5sum'
MEDIASTREAMER_CFLAGS=''
MEDIASTREAMER_LIBS=''
MKDIR_P='/bin/mkdir -p'
MS2_DIR=''
MS2_VERSION=''
MSGFMT='/usr/bin/msgfmt'
MSGFMT_015='/usr/bin/msgfmt'
MSGMERGE='/usr/bin/msgmerge'
NM='/usr/bin/nm -B'
NMEDIT=''
NOTIFY1_CFLAGS=''
NOTIFY1_LIBS=''
NOTIFY4_CFLAGS=''
NOTIFY4_LIBS=''
OBJDUMP='objdump'
OBJEXT='o'
ORTP_CFLAGS=''
ORTP_DIR=''
ORTP_LIBS=''
ORTP_VERSION=''
OTOOL64=''
OTOOL=''
PACKAGE='linphone'
PACKAGE_BUGREPORT='linphone-developers@nongnu.org'
PACKAGE_NAME='linphone'
PACKAGE_STRING='linphone 3.7.0'
PACKAGE_TARNAME='linphone'
PACKAGE_URL=''
PACKAGE_VERSION='3.7.0'
PATH_SEPARATOR=':'
PKG_CONFIG='/usr/bin/pkg-config'
PKG_CONFIG_LIBDIR=''
PKG_CONFIG_PATH=''
POSUB='po'
RANLIB='ranlib'
READLINE_CFLAGS=''
READLINE_LIBS=''
SASL_CFLAGS=''
SASL_LIBS=''
SED='/bin/sed'
SET_MAKE=''
SHELL='/bin/bash'
SIPSTACK_CFLAGS=''
SIPSTACK_LIBS=''
SPEEX_CFLAGS=''
SPEEX_LIBS=''
SQLITE3_CFLAGS=''
SQLITE3_LIBS=''
STRICT_OPTIONS=''
STRIP='strip'
TRUESPEECH_CFLAGS=''
TUNNEL_CFLAGS=''
TUNNEL_LIBS=''
USE_NLS='yes'
VERSION='3.7.0'
WINDRES=''
X11_LIBS=''
XGETTEXT='/usr/bin/xgettext'
XGETTEXT_015='/usr/bin/xgettext'
ac_ct_AR='ar'
ac_ct_CC='gcc'
ac_ct_CXX='g++'
ac_ct_DUMPBIN=''
am__EXEEXT_FALSE=''
am__EXEEXT_TRUE=''
am__fastdepCC_FALSE='#'
am__fastdepCC_TRUE=''
am__fastdepCXX_FALSE='#'
am__fastdepCXX_TRUE=''
am__include='include'
am__isrc=''
am__leading_dot='.'
am__nodep='_no'
am__quote=''
am__tar='tar --format=posix -chf - "$$tardir"'
am__untar='tar -xf -'
bindir='${exec_prefix}/bin'
build='x86_64-unknown-linux-gnu'
build_alias=''
build_cpu='x86_64'
build_os='linux-gnu'
build_vendor='unknown'
datadir='${datarootdir}'
datarootdir='${prefix}/share'
docdir='${datarootdir}/doc'
dvidir='${docdir}'
exec_prefix='NONE'
have_sgmltools=''
host='x86_64-unknown-linux-gnu'
host_alias=''
host_cpu='x86_64'
host_os='linux-gnu'
host_vendor='unknown'
htmldir='${docdir}'
includedir='${prefix}/include'
infodir='${datarootdir}/info'
install_sh='${SHELL} /home/dpalominop/Linphone/linphone-3.7.0/install-sh'
intltool__v_merge_options_0='-q'
intltool__v_merge_options_='$(intltool__v_merge_options_$(AM_DEFAULT_VERBOSITY))'
libdir='${exec_prefix}/lib'
libexecdir='${exec_prefix}/libexec'
localedir='${datarootdir}/locale'
localstatedir='${prefix}/var'
mandir='${datarootdir}/man'
oldincludedir='/usr/include'
pdfdir='${docdir}'
prefix='/usr/local/NeoLine'
program_transform_name='s,x,x,'
psdir='${docdir}'
sbindir='${exec_prefix}/sbin'
sharedstatedir='${prefix}/com'
subdirs=''
sysconfdir='${prefix}/etc'
target='x86_64-unknown-linux-gnu'
target_alias=''
target_cpu='x86_64'
target_os='linux-gnu'
target_vendor='unknown'

## ----------- ##
## confdefs.h. ##
## ----------- ##

/* confdefs.h */
#define PACKAGE_NAME "linphone"
#define PACKAGE_TARNAME "linphone"
#define PACKAGE_VERSION "3.7.0"
#define PACKAGE_STRING "linphone 3.7.0"
#define PACKAGE_BUGREPORT "linphone-developers@nongnu.org"
#define PACKAGE_URL ""
#define PACKAGE "linphone"
#define VERSION "3.7.0"
#define STDC_HEADERS 1
#define HAVE_SYS_TYPES_H 1
#define HAVE_SYS_STAT_H 1
#define HAVE_STDLIB_H 1
#define HAVE_STRING_H 1
#define HAVE_MEMORY_H 1
#define HAVE_STRINGS_H 1
#define HAVE_INTTYPES_H 1
#define HAVE_STDINT_H 1
#define HAVE_UNISTD_H 1
#define HAVE_DLFCN_H 1
#define LT_OBJDIR ".libs/"
#define LINPHONE_ALL_LANGS "fr it de ja es pl cs nl sv pt_BR hu ru zh_CN nb_NO zh_TW he sr"
#define ENABLE_NLS 1
#define HAVE_GETTEXT 1
#define HAVE_DCGETTEXT 1
#define GETTEXT_PACKAGE "linphone"
#define HAVE_GET_CURRENT_DIR_NAME 1
#define HAVE_STRNDUP 1
#define HAVE_STPCPY 1
#define BUILD_TOOLS 1

configure: exit 1
