This file contains any messages produced by compilers while
running configure, to aid debugging if configure makes a mistake.

It was created by ortp configure 0.23.0, which was
generated by GNU Autoconf 2.69.  Invocation command line was

  $ ./configure --disable-option-checking --prefix=/usr/local/NeoLine --cache-file=/dev/null --srcdir=. --no-create --no-recursion

## --------- ##
## Platform. ##
## --------- ##

hostname = CudaTeam
uname -m = i686
uname -r = 3.8.0-33-generic
uname -s = Linux
uname -v = #48-Ubuntu SMP Wed Oct 23 17:26:34 UTC 2013

/usr/bin/uname -p = unknown
/bin/uname -X     = unknown

/bin/arch              = unknown
/usr/bin/arch -k       = unknown
/usr/convex/getsysinfo = unknown
/usr/bin/hostinfo      = unknown
/bin/machine           = unknown
/usr/bin/oslevel       = unknown
/bin/universe          = unknown

PATH: /usr/local/sbin
PATH: /usr/local/bin
PATH: /usr/sbin
PATH: /usr/bin
PATH: /sbin
PATH: /bin


## ----------- ##
## Core tests. ##
## ----------- ##

configure:2323: checking build system type
configure:2337: result: i686-pc-linux-gnu
configure:2357: checking host system type
configure:2370: result: i686-pc-linux-gnu
configure:2390: checking target system type
configure:2403: result: i686-pc-linux-gnu
configure:2471: checking for a BSD-compatible install
configure:2539: result: /usr/bin/install -c
configure:2550: checking whether build environment is sane
configure:2600: result: yes
configure:2741: checking for a thread-safe mkdir -p
configure:2780: result: /bin/mkdir -p
configure:2788: checking for gawk
configure:2804: found /usr/bin/gawk
configure:2815: result: gawk
configure:2826: checking whether make sets $(MAKE)
configure:2848: result: yes
configure:2923: checking how to create a ustar tar archive
configure:2936: tar --version
tar (GNU tar) 1.26
Copyright (C) 2011 Free Software Foundation, Inc.
License GPLv3+: GNU GPL version 3 or later <http://gnu.org/licenses/gpl.html>.
This is free software: you are free to change and redistribute it.
There is NO WARRANTY, to the extent permitted by law.

Written by John Gilmore and Jay Fenlason.
configure:2939: $? = 0
configure:2979: tardir=conftest.dir && eval tar --format=ustar -chf - "$tardir" >conftest.tar
configure:2982: $? = 0
configure:2986: tar -xf - <conftest.tar
configure:2989: $? = 0
configure:3002: result: gnutar
configure:3020: checking whether make supports nested variables
configure:3037: result: yes
configure:3122: checking for gcc
configure:3138: found /usr/bin/gcc
configure:3149: result: gcc
configure:3378: checking for C compiler version
configure:3387: gcc --version >&5
gcc (Ubuntu/Linaro 4.7.3-1ubuntu1) 4.7.3
Copyright (C) 2012 Free Software Foundation, Inc.
This is free software; see the source for copying conditions.  There is NO
warranty; not even for MERCHANTABILITY or FITNESS FOR A PARTICULAR PURPOSE.

configure:3398: $? = 0
configure:3387: gcc -v >&5
Using built-in specs.
COLLECT_GCC=gcc
COLLECT_LTO_WRAPPER=/usr/lib/gcc/i686-linux-gnu/4.7/lto-wrapper
Target: i686-linux-gnu
Configured with: ../src/configure -v --with-pkgversion='Ubuntu/Linaro 4.7.3-1ubuntu1' --with-bugurl=file:///usr/share/doc/gcc-4.7/README.Bugs --enable-languages=c,c++,go,fortran,objc,obj-c++ --prefix=/usr --program-suffix=-4.7 --enable-shared --enable-linker-build-id --libexecdir=/usr/lib --without-included-gettext --enable-threads=posix --with-gxx-include-dir=/usr/include/c++/4.7 --libdir=/usr/lib --enable-nls --with-sysroot=/ --enable-clocale=gnu --enable-libstdcxx-debug --enable-libstdcxx-time=yes --enable-gnu-unique-object --enable-plugin --with-system-zlib --enable-objc-gc --enable-targets=all --with-cloog --enable-cloog-backend=ppl --disable-cloog-version-check --disable-ppl-version-check --enable-multiarch --disable-werror --with-arch-32=i686 --with-multilib-list=m32,m64,mx32 --with-tune=generic --enable-checking=release --build=i686-linux-gnu --host=i686-linux-gnu --target=i686-linux-gnu
Thread model: posix
gcc version 4.7.3 (Ubuntu/Linaro 4.7.3-1ubuntu1) 
configure:3398: $? = 0
configure:3387: gcc -V >&5
gcc: error: unrecognized command line option '-V'
gcc: fatal error: no input files
compilation terminated.
configure:3398: $? = 4
configure:3387: gcc -qversion >&5
gcc: error: unrecognized command line option '-qversion'
gcc: fatal error: no input files
compilation terminated.
configure:3398: $? = 4
configure:3418: checking whether the C compiler works
configure:3440: gcc    conftest.c  >&5
configure:3444: $? = 0
configure:3492: result: yes
configure:3495: checking for C compiler default output file name
configure:3497: result: a.out
configure:3503: checking for suffix of executables
configure:3510: gcc -o conftest    conftest.c  >&5
configure:3514: $? = 0
configure:3536: result: 
configure:3558: checking whether we are cross compiling
configure:3566: gcc -o conftest    conftest.c  >&5
configure:3570: $? = 0
configure:3577: ./conftest
configure:3581: $? = 0
configure:3596: result: no
configure:3601: checking for suffix of object files
configure:3623: gcc -c   conftest.c >&5
configure:3627: $? = 0
configure:3648: result: o
configure:3652: checking whether we are using the GNU C compiler
configure:3671: gcc -c   conftest.c >&5
configure:3671: $? = 0
configure:3680: result: yes
configure:3689: checking whether gcc accepts -g
configure:3709: gcc -c -g  conftest.c >&5
configure:3709: $? = 0
configure:3750: result: yes
configure:3767: checking for gcc option to accept ISO C89
configure:3830: gcc  -c -g -O2  conftest.c >&5
configure:3830: $? = 0
configure:3843: result: none needed
configure:3874: checking for style of include used by make
configure:3902: result: GNU
configure:3928: checking dependency style of gcc
configure:4039: result: gcc3
configure:4100: checking how to print strings
configure:4127: result: printf
configure:4148: checking for a sed that does not truncate output
configure:4212: result: /bin/sed
configure:4230: checking for grep that handles long lines and -e
configure:4288: result: /bin/grep
configure:4293: checking for egrep
configure:4355: result: /bin/grep -E
configure:4360: checking for fgrep
configure:4422: result: /bin/grep -F
configure:4457: checking for ld used by gcc
configure:4524: result: /usr/bin/ld
configure:4531: checking if the linker (/usr/bin/ld) is GNU ld
configure:4546: result: yes
configure:4558: checking for BSD- or MS-compatible name lister (nm)
configure:4607: result: /usr/bin/nm -B
configure:4737: checking the name lister (/usr/bin/nm -B) interface
configure:4744: gcc -c -g -O2  conftest.c >&5
configure:4747: /usr/bin/nm -B "conftest.o"
configure:4750: output
00000000 B some_variable
configure:4757: result: BSD nm
configure:4760: checking whether ln -s works
configure:4764: result: yes
configure:4772: checking the maximum length of command line arguments
configure:4903: result: 805306365
configure:4920: checking whether the shell understands some XSI constructs
configure:4930: result: yes
configure:4934: checking whether the shell understands "+="
configure:4940: result: yes
configure:4975: checking how to convert i686-pc-linux-gnu file names to i686-pc-linux-gnu format
configure:5015: result: func_convert_file_noop
configure:5022: checking how to convert i686-pc-linux-gnu file names to toolchain format
configure:5042: result: func_convert_file_noop
configure:5049: checking for /usr/bin/ld option to reload object files
configure:5056: result: -r
configure:5130: checking for objdump
configure:5146: found /usr/bin/objdump
configure:5157: result: objdump
configure:5186: checking how to recognize dependent libraries
configure:5384: result: pass_all
configure:5469: checking for dlltool
configure:5499: result: no
configure:5526: checking how to associate runtime and link libraries
configure:5553: result: printf %s\n
configure:5614: checking for ar
configure:5630: found /usr/bin/ar
configure:5641: result: ar
configure:5678: checking for archiver @FILE support
configure:5695: gcc -c -g -O2  conftest.c >&5
configure:5695: $? = 0
configure:5698: ar cru libconftest.a @conftest.lst >&5
configure:5701: $? = 0
configure:5706: ar cru libconftest.a @conftest.lst >&5
ar: conftest.o: No such file or directory
configure:5709: $? = 1
configure:5721: result: @
configure:5779: checking for strip
configure:5795: found /usr/bin/strip
configure:5806: result: strip
configure:5878: checking for ranlib
configure:5894: found /usr/bin/ranlib
configure:5905: result: ranlib
configure:6007: checking command to parse /usr/bin/nm -B output from gcc object
configure:6127: gcc -c -g -O2  conftest.c >&5
configure:6130: $? = 0
configure:6134: /usr/bin/nm -B conftest.o \| sed -n -e 's/^.*[ ]\([ABCDGIRSTW][ABCDGIRSTW]*\)[ ][ ]*\([_A-Za-z][_A-Za-z0-9]*\)$/\1 \2 \2/p' | sed '/ __gnu_lto/d' \> conftest.nm
configure:6137: $? = 0
configure:6203: gcc -o conftest -g -O2   conftest.c conftstm.o >&5
configure:6206: $? = 0
configure:6244: result: ok
configure:6281: checking for sysroot
configure:6311: result: no
configure:6574: checking for mt
configure:6590: found /bin/mt
configure:6601: result: mt
configure:6624: checking if mt is a manifest tool
configure:6630: mt '-?'
configure:6638: result: no
configure:7280: checking how to run the C preprocessor
configure:7311: gcc -E  conftest.c
configure:7311: $? = 0
configure:7325: gcc -E  conftest.c
conftest.c:15:28: fatal error: ac_nonexistent.h: No such file or directory
compilation terminated.
configure:7325: $? = 1
configure: failed program was:
| /* confdefs.h */
| #define PACKAGE_NAME "ortp"
| #define PACKAGE_TARNAME "ortp"
| #define PACKAGE_VERSION "0.23.0"
| #define PACKAGE_STRING "ortp 0.23.0"
| #define PACKAGE_BUGREPORT ""
| #define PACKAGE_URL ""
| #define PACKAGE "ortp"
| #define VERSION "0.23.0"
| #define ORTP_MAJOR_VERSION 0
| #define ORTP_MINOR_VERSION 23
| #define ORTP_MICRO_VERSION 0
| #define ORTP_VERSION "0.23.0"
| /* end confdefs.h.  */
| #include <ac_nonexistent.h>
configure:7350: result: gcc -E
configure:7370: gcc -E  conftest.c
configure:7370: $? = 0
configure:7384: gcc -E  conftest.c
conftest.c:15:28: fatal error: ac_nonexistent.h: No such file or directory
compilation terminated.
configure:7384: $? = 1
configure: failed program was:
| /* confdefs.h */
| #define PACKAGE_NAME "ortp"
| #define PACKAGE_TARNAME "ortp"
| #define PACKAGE_VERSION "0.23.0"
| #define PACKAGE_STRING "ortp 0.23.0"
| #define PACKAGE_BUGREPORT ""
| #define PACKAGE_URL ""
| #define PACKAGE "ortp"
| #define VERSION "0.23.0"
| #define ORTP_MAJOR_VERSION 0
| #define ORTP_MINOR_VERSION 23
| #define ORTP_MICRO_VERSION 0
| #define ORTP_VERSION "0.23.0"
| /* end confdefs.h.  */
| #include <ac_nonexistent.h>
configure:7413: checking for ANSI C header files
configure:7433: gcc -c -g -O2  conftest.c >&5
configure:7433: $? = 0
configure:7506: gcc -o conftest -g -O2   conftest.c  >&5
configure:7506: $? = 0
configure:7506: ./conftest
configure:7506: $? = 0
configure:7517: result: yes
configure:7530: checking for sys/types.h
configure:7530: gcc -c -g -O2  conftest.c >&5
configure:7530: $? = 0
configure:7530: result: yes
configure:7530: checking for sys/stat.h
configure:7530: gcc -c -g -O2  conftest.c >&5
configure:7530: $? = 0
configure:7530: result: yes
configure:7530: checking for stdlib.h
configure:7530: gcc -c -g -O2  conftest.c >&5
configure:7530: $? = 0
configure:7530: result: yes
configure:7530: checking for string.h
configure:7530: gcc -c -g -O2  conftest.c >&5
configure:7530: $? = 0
configure:7530: result: yes
configure:7530: checking for memory.h
configure:7530: gcc -c -g -O2  conftest.c >&5
configure:7530: $? = 0
configure:7530: result: yes
configure:7530: checking for strings.h
configure:7530: gcc -c -g -O2  conftest.c >&5
configure:7530: $? = 0
configure:7530: result: yes
configure:7530: checking for inttypes.h
configure:7530: gcc -c -g -O2  conftest.c >&5
configure:7530: $? = 0
configure:7530: result: yes
configure:7530: checking for stdint.h
configure:7530: gcc -c -g -O2  conftest.c >&5
configure:7530: $? = 0
configure:7530: result: yes
configure:7530: checking for unistd.h
configure:7530: gcc -c -g -O2  conftest.c >&5
configure:7530: $? = 0
configure:7530: result: yes
configure:7544: checking for dlfcn.h
configure:7544: gcc -c -g -O2  conftest.c >&5
configure:7544: $? = 0
configure:7544: result: yes
configure:8046: checking for objdir
configure:8061: result: .libs
configure:8332: checking if gcc supports -fno-rtti -fno-exceptions
configure:8350: gcc -c -g -O2  -fno-rtti -fno-exceptions conftest.c >&5
cc1: warning: command line option '-fno-rtti' is valid for C++/ObjC++ but not for C [enabled by default]
configure:8354: $? = 0
configure:8367: result: no
configure:8694: checking for gcc option to produce PIC
configure:8701: result: -fPIC -DPIC
configure:8709: checking if gcc PIC flag -fPIC -DPIC works
configure:8727: gcc -c -g -O2  -fPIC -DPIC -DPIC conftest.c >&5
configure:8731: $? = 0
configure:8744: result: yes
configure:8773: checking if gcc static flag -static works
configure:8801: result: yes
configure:8816: checking if gcc supports -c -o file.o
configure:8837: gcc -c -g -O2  -o out/conftest2.o conftest.c >&5
configure:8841: $? = 0
configure:8863: result: yes
configure:8871: checking if gcc supports -c -o file.o
configure:8918: result: yes
configure:8951: checking whether the gcc linker (/usr/bin/ld) supports shared libraries
configure:10108: result: yes
configure:10145: checking whether -lc should be explicitly linked in
configure:10153: gcc -c -g -O2  conftest.c >&5
configure:10156: $? = 0
configure:10171: gcc -shared  -fPIC -DPIC conftest.o  -v -Wl,-soname -Wl,conftest -o conftest 2\>\&1 \| /bin/grep  -lc  \>/dev/null 2\>\&1
configure:10174: $? = 0
configure:10188: result: no
configure:10348: checking dynamic linker characteristics
configure:10848: gcc -o conftest -g -O2   -Wl,-rpath -Wl,/foo conftest.c  >&5
configure:10848: $? = 0
configure:11082: result: GNU/Linux ld.so
configure:11189: checking how to hardcode library paths into programs
configure:11214: result: immediate
configure:11754: checking whether stripping libraries is possible
configure:11759: result: yes
configure:11794: checking if libtool supports shared libraries
configure:11796: result: yes
configure:11799: checking whether to build shared libraries
configure:11820: result: yes
configure:11823: checking whether to build static libraries
configure:11827: result: no
configure:11866: checking if gcc/ld supports -Wl,--output-def
configure:11887: gcc -o conftest -g -O2  -Wl,--output-def,conftest.def conftest.c  >&5
/usr/bin/ld: unrecognized option '--output-def'
/usr/bin/ld: use the --help option for usage information
collect2: error: ld returned 1 exit status
configure:11887: $? = 1
configure: failed program was:
| /* confdefs.h */
| #define PACKAGE_NAME "ortp"
| #define PACKAGE_TARNAME "ortp"
| #define PACKAGE_VERSION "0.23.0"
| #define PACKAGE_STRING "ortp 0.23.0"
| #define PACKAGE_BUGREPORT ""
| #define PACKAGE_URL ""
| #define PACKAGE "ortp"
| #define VERSION "0.23.0"
| #define ORTP_MAJOR_VERSION 0
| #define ORTP_MINOR_VERSION 23
| #define ORTP_MICRO_VERSION 0
| #define ORTP_VERSION "0.23.0"
| #define STDC_HEADERS 1
| #define HAVE_SYS_TYPES_H 1
| #define HAVE_SYS_STAT_H 1
| #define HAVE_STDLIB_H 1
| #define HAVE_STRING_H 1
| #define HAVE_MEMORY_H 1
| #define HAVE_STRINGS_H 1
| #define HAVE_INTTYPES_H 1
| #define HAVE_STDINT_H 1
| #define HAVE_UNISTD_H 1
| #define HAVE_DLFCN_H 1
| #define LT_OBJDIR ".libs/"
| /* end confdefs.h.  */
| 
| int
| main ()
| {
| 
|   ;
|   return 0;
| }
configure:11898: result: no
configure:11910: checking warning make an error on compilation
configure:12074: checking for seteuid
configure:12074: gcc -o conftest -g -O2 -Wall   conftest.c  >&5
configure:12074: $? = 0
configure:12074: result: yes
configure:12086: checking for arc4random
configure:12086: gcc -o conftest -g -O2 -Wall   conftest.c  >&5
/tmp/ccNRWOjE.o: In function `main':
/home/dpalominop/Linphone/linphone-3.7.0/oRTP/conftest.c:63: undefined reference to `arc4random'
collect2: error: ld returned 1 exit status
configure:12086: $? = 1
configure: failed program was:
| /* confdefs.h */
| #define PACKAGE_NAME "ortp"
| #define PACKAGE_TARNAME "ortp"
| #define PACKAGE_VERSION "0.23.0"
| #define PACKAGE_STRING "ortp 0.23.0"
| #define PACKAGE_BUGREPORT ""
| #define PACKAGE_URL ""
| #define PACKAGE "ortp"
| #define VERSION "0.23.0"
| #define ORTP_MAJOR_VERSION 0
| #define ORTP_MINOR_VERSION 23
| #define ORTP_MICRO_VERSION 0
| #define ORTP_VERSION "0.23.0"
| #define STDC_HEADERS 1
| #define HAVE_SYS_TYPES_H 1
| #define HAVE_SYS_STAT_H 1
| #define HAVE_STDLIB_H 1
| #define HAVE_STRING_H 1
| #define HAVE_MEMORY_H 1
| #define HAVE_STRINGS_H 1
| #define HAVE_INTTYPES_H 1
| #define HAVE_STDINT_H 1
| #define HAVE_UNISTD_H 1
| #define HAVE_DLFCN_H 1
| #define LT_OBJDIR ".libs/"
| #define __APPLE_USE_RFC_2292 1
| #define HAVE_SETEUID 1
| /* end confdefs.h.  */
| /* Define arc4random to an innocuous variant, in case <limits.h> declares arc4random.
|    For example, HP-UX 11i <limits.h> declares gettimeofday.  */
| #define arc4random innocuous_arc4random
| 
| /* System header to define __stub macros and hopefully few prototypes,
|     which can conflict with char arc4random (); below.
|     Prefer <limits.h> to <assert.h> if __STDC__ is defined, since
|     <limits.h> exists even on freestanding compilers.  */
| 
| #ifdef __STDC__
| # include <limits.h>
| #else
| # include <assert.h>
| #endif
| 
| #undef arc4random
| 
| /* Override any GCC internal prototype to avoid an error.
|    Use char because int might match the return type of a GCC
|    builtin and then its argument prototype would still apply.  */
| #ifdef __cplusplus
| extern "C"
| #endif
| char arc4random ();
| /* The GNU C library defines this for functions which it implements
|     to always fail with ENOSYS.  Some functions are actually named
|     something starting with __ and the normal name is an alias.  */
| #if defined __stub_arc4random || defined __stub___arc4random
| choke me
| #endif
| 
| int
| main ()
| {
| return arc4random ();
|   ;
|   return 0;
| }
configure:12086: result: no
configure:12097: checking for pthread_mutex_init in -lpthread
configure:12122: gcc -o conftest -g -O2 -Wall   conftest.c -lpthread   >&5
configure:12122: $? = 0
configure:12131: result: yes
configure:12164: checking for clock_gettime in -lrt
configure:12189: gcc -o conftest -g -O2 -Wall   conftest.c -lrt   >&5
configure:12189: $? = 0
configure:12198: result: yes
configure:12229: checking srtp/srtp.h usability
configure:12229: gcc -c -g -O2 -Wall   conftest.c >&5
configure:12229: $? = 0
configure:12229: result: yes
configure:12229: checking srtp/srtp.h presence
configure:12229: gcc -E   conftest.c
configure:12229: $? = 0
configure:12229: result: yes
configure:12229: checking for srtp/srtp.h
configure:12229: result: yes
configure:12240: checking for srtp_init in -lsrtp
configure:12265: gcc -o conftest -g -O2 -Wall    -lsrtp conftest.c -lsrtp   >&5
configure:12265: $? = 0
configure:12274: result: yes
configure:12280: checking for srtp_shutdown in -lsrtp
configure:12305: gcc -o conftest -g -O2 -Wall    -lsrtp conftest.c -lsrtp   >&5
configure:12305: $? = 0
configure:12314: result: yes
configure:12331: checking for sha1_update in -lsrtp
configure:12356: gcc -o conftest -g -O2 -Wall    -lsrtp conftest.c -lsrtp   >&5
/tmp/ccCd3a0c.o: In function `main':
/home/dpalominop/Linphone/linphone-3.7.0/oRTP/conftest.c:42: undefined reference to `sha1_update'
collect2: error: ld returned 1 exit status
configure:12356: $? = 1
configure: failed program was:
| /* confdefs.h */
| #define PACKAGE_NAME "ortp"
| #define PACKAGE_TARNAME "ortp"
| #define PACKAGE_VERSION "0.23.0"
| #define PACKAGE_STRING "ortp 0.23.0"
| #define PACKAGE_BUGREPORT ""
| #define PACKAGE_URL ""
| #define PACKAGE "ortp"
| #define VERSION "0.23.0"
| #define ORTP_MAJOR_VERSION 0
| #define ORTP_MINOR_VERSION 23
| #define ORTP_MICRO_VERSION 0
| #define ORTP_VERSION "0.23.0"
| #define STDC_HEADERS 1
| #define HAVE_SYS_TYPES_H 1
| #define HAVE_SYS_STAT_H 1
| #define HAVE_STDLIB_H 1
| #define HAVE_STRING_H 1
| #define HAVE_MEMORY_H 1
| #define HAVE_STRINGS_H 1
| #define HAVE_INTTYPES_H 1
| #define HAVE_STDINT_H 1
| #define HAVE_UNISTD_H 1
| #define HAVE_DLFCN_H 1
| #define LT_OBJDIR ".libs/"
| #define __APPLE_USE_RFC_2292 1
| #define HAVE_SETEUID 1
| #define ORTP_DEFAULT_THREAD_STACK_SIZE 0
| #define HAVE_SRTP_SHUTDOWN 1
| /* end confdefs.h.  */
| 
| /* Override any GCC internal prototype to avoid an error.
|    Use char because int might match the return type of a GCC
|    builtin and then its argument prototype would still apply.  */
| #ifdef __cplusplus
| extern "C"
| #endif
| char sha1_update ();
| int
| main ()
| {
| return sha1_update ();
|   ;
|   return 0;
| }
configure:12365: result: no
configure:12675: checking for ANSI C header files
configure:12779: result: yes
configure:12790: checking poll.h usability
configure:12790: gcc -c -g -O2 -Wall  conftest.c >&5
configure:12790: $? = 0
configure:12790: result: yes
configure:12790: checking poll.h presence
configure:12790: gcc -E  conftest.c
configure:12790: $? = 0
configure:12790: result: yes
configure:12790: checking for poll.h
configure:12790: result: yes
configure:12790: checking sys/poll.h usability
configure:12790: gcc -c -g -O2 -Wall  conftest.c >&5
configure:12790: $? = 0
configure:12790: result: yes
configure:12790: checking sys/poll.h presence
configure:12790: gcc -E  conftest.c
configure:12790: $? = 0
configure:12790: result: yes
configure:12790: checking for sys/poll.h
configure:12790: result: yes
configure:12790: checking sys/uio.h usability
configure:12790: gcc -c -g -O2 -Wall  conftest.c >&5
configure:12790: $? = 0
configure:12790: result: yes
configure:12790: checking sys/uio.h presence
configure:12790: gcc -E  conftest.c
configure:12790: $? = 0
configure:12790: result: yes
configure:12790: checking for sys/uio.h
configure:12790: result: yes
configure:12790: checking fcntl.h usability
configure:12790: gcc -c -g -O2 -Wall  conftest.c >&5
configure:12790: $? = 0
configure:12790: result: yes
configure:12790: checking fcntl.h presence
configure:12790: gcc -E  conftest.c
configure:12790: $? = 0
configure:12790: result: yes
configure:12790: checking for fcntl.h
configure:12790: result: yes
configure:12790: checking sys/time.h usability
configure:12790: gcc -c -g -O2 -Wall  conftest.c >&5
configure:12790: $? = 0
configure:12790: result: yes
configure:12790: checking sys/time.h presence
configure:12790: gcc -E  conftest.c
configure:12790: $? = 0
configure:12790: result: yes
configure:12790: checking for sys/time.h
configure:12790: result: yes
configure:12790: checking for unistd.h
configure:12790: result: yes
configure:12790: checking sys/audio.h usability
configure:12790: gcc -c -g -O2 -Wall  conftest.c >&5
conftest.c:72:23: fatal error: sys/audio.h: No such file or directory
compilation terminated.
configure:12790: $? = 1
configure: failed program was:
| /* confdefs.h */
| #define PACKAGE_NAME "ortp"
| #define PACKAGE_TARNAME "ortp"
| #define PACKAGE_VERSION "0.23.0"
| #define PACKAGE_STRING "ortp 0.23.0"
| #define PACKAGE_BUGREPORT ""
| #define PACKAGE_URL ""
| #define PACKAGE "ortp"
| #define VERSION "0.23.0"
| #define ORTP_MAJOR_VERSION 0
| #define ORTP_MINOR_VERSION 23
| #define ORTP_MICRO_VERSION 0
| #define ORTP_VERSION "0.23.0"
| #define STDC_HEADERS 1
| #define HAVE_SYS_TYPES_H 1
| #define HAVE_SYS_STAT_H 1
| #define HAVE_STDLIB_H 1
| #define HAVE_STRING_H 1
| #define HAVE_MEMORY_H 1
| #define HAVE_STRINGS_H 1
| #define HAVE_INTTYPES_H 1
| #define HAVE_STDINT_H 1
| #define HAVE_UNISTD_H 1
| #define HAVE_DLFCN_H 1
| #define LT_OBJDIR ".libs/"
| #define __APPLE_USE_RFC_2292 1
| #define HAVE_SETEUID 1
| #define ORTP_DEFAULT_THREAD_STACK_SIZE 0
| #define HAVE_SRTP_SHUTDOWN 1
| #define HAVE_SRTP 1
| #define STDC_HEADERS 1
| #define HAVE_POLL_H 1
| #define HAVE_SYS_POLL_H 1
| #define HAVE_SYS_UIO_H 1
| #define HAVE_FCNTL_H 1
| #define HAVE_SYS_TIME_H 1
| #define HAVE_UNISTD_H 1
| /* end confdefs.h.  */
| #include <stdio.h>
| #ifdef HAVE_SYS_TYPES_H
| # include <sys/types.h>
| #endif
| #ifdef HAVE_SYS_STAT_H
| # include <sys/stat.h>
| #endif
| #ifdef STDC_HEADERS
| # include <stdlib.h>
| # include <stddef.h>
| #else
| # ifdef HAVE_STDLIB_H
| #  include <stdlib.h>
| # endif
| #endif
| #ifdef HAVE_STRING_H
| # if !defined STDC_HEADERS && defined HAVE_MEMORY_H
| #  include <memory.h>
| # endif
| # include <string.h>
| #endif
| #ifdef HAVE_STRINGS_H
| # include <strings.h>
| #endif
| #ifdef HAVE_INTTYPES_H
| # include <inttypes.h>
| #endif
| #ifdef HAVE_STDINT_H
| # include <stdint.h>
| #endif
| #ifdef HAVE_UNISTD_H
| # include <unistd.h>
| #endif
| #include <sys/audio.h>
configure:12790: result: no
configure:12790: checking sys/audio.h presence
configure:12790: gcc -E  conftest.c
conftest.c:39:23: fatal error: sys/audio.h: No such file or directory
compilation terminated.
configure:12790: $? = 1
configure: failed program was:
| /* confdefs.h */
| #define PACKAGE_NAME "ortp"
| #define PACKAGE_TARNAME "ortp"
| #define PACKAGE_VERSION "0.23.0"
| #define PACKAGE_STRING "ortp 0.23.0"
| #define PACKAGE_BUGREPORT ""
| #define PACKAGE_URL ""
| #define PACKAGE "ortp"
| #define VERSION "0.23.0"
| #define ORTP_MAJOR_VERSION 0
| #define ORTP_MINOR_VERSION 23
| #define ORTP_MICRO_VERSION 0
| #define ORTP_VERSION "0.23.0"
| #define STDC_HEADERS 1
| #define HAVE_SYS_TYPES_H 1
| #define HAVE_SYS_STAT_H 1
| #define HAVE_STDLIB_H 1
| #define HAVE_STRING_H 1
| #define HAVE_MEMORY_H 1
| #define HAVE_STRINGS_H 1
| #define HAVE_INTTYPES_H 1
| #define HAVE_STDINT_H 1
| #define HAVE_UNISTD_H 1
| #define HAVE_DLFCN_H 1
| #define LT_OBJDIR ".libs/"
| #define __APPLE_USE_RFC_2292 1
| #define HAVE_SETEUID 1
| #define ORTP_DEFAULT_THREAD_STACK_SIZE 0
| #define HAVE_SRTP_SHUTDOWN 1
| #define HAVE_SRTP 1
| #define STDC_HEADERS 1
| #define HAVE_POLL_H 1
| #define HAVE_SYS_POLL_H 1
| #define HAVE_SYS_UIO_H 1
| #define HAVE_FCNTL_H 1
| #define HAVE_SYS_TIME_H 1
| #define HAVE_UNISTD_H 1
| /* end confdefs.h.  */
| #include <sys/audio.h>
configure:12790: result: no
configure:12790: checking for sys/audio.h
configure:12790: result: no
configure:12790: checking linux/soundcard.h usability
configure:12790: gcc -c -g -O2 -Wall  conftest.c >&5
configure:12790: $? = 0
configure:12790: result: yes
configure:12790: checking linux/soundcard.h presence
configure:12790: gcc -E  conftest.c
configure:12790: $? = 0
configure:12790: result: yes
configure:12790: checking for linux/soundcard.h
configure:12790: result: yes
configure:12790: checking sys/shm.h usability
configure:12790: gcc -c -g -O2 -Wall  conftest.c >&5
configure:12790: $? = 0
configure:12790: result: yes
configure:12790: checking sys/shm.h presence
configure:12790: gcc -E  conftest.c
configure:12790: $? = 0
configure:12790: result: yes
configure:12790: checking for sys/shm.h
configure:12790: result: yes
configure:12801: checking for an ANSI C-conforming const
configure:12867: gcc -c -g -O2 -Wall  conftest.c >&5
configure:12867: $? = 0
configure:12874: result: yes
configure:12882: checking for inline
configure:12898: gcc -c -g -O2 -Wall  conftest.c >&5
configure:12898: $? = 0
configure:12906: result: inline
configure:12924: checking whether time.h and sys/time.h may both be included
configure:12944: gcc -c -g -O2 -Wall  conftest.c >&5
configure:12944: $? = 0
configure:12951: result: yes
configure:12959: checking whether byte ordering is bigendian
configure:12974: gcc -c -g -O2 -Wall  conftest.c >&5
conftest.c:43:9: error: unknown type name 'not'
conftest.c:43:15: error: expected '=', ',', ';', 'asm' or '__attribute__' before 'universal'
conftest.c:43:15: error: unknown type name 'universal'
configure:12974: $? = 1
configure: failed program was:
| /* confdefs.h */
| #define PACKAGE_NAME "ortp"
| #define PACKAGE_TARNAME "ortp"
| #define PACKAGE_VERSION "0.23.0"
| #define PACKAGE_STRING "ortp 0.23.0"
| #define PACKAGE_BUGREPORT ""
| #define PACKAGE_URL ""
| #define PACKAGE "ortp"
| #define VERSION "0.23.0"
| #define ORTP_MAJOR_VERSION 0
| #define ORTP_MINOR_VERSION 23
| #define ORTP_MICRO_VERSION 0
| #define ORTP_VERSION "0.23.0"
| #define STDC_HEADERS 1
| #define HAVE_SYS_TYPES_H 1
| #define HAVE_SYS_STAT_H 1
| #define HAVE_STDLIB_H 1
| #define HAVE_STRING_H 1
| #define HAVE_MEMORY_H 1
| #define HAVE_STRINGS_H 1
| #define HAVE_INTTYPES_H 1
| #define HAVE_STDINT_H 1
| #define HAVE_UNISTD_H 1
| #define HAVE_DLFCN_H 1
| #define LT_OBJDIR ".libs/"
| #define __APPLE_USE_RFC_2292 1
| #define HAVE_SETEUID 1
| #define ORTP_DEFAULT_THREAD_STACK_SIZE 0
| #define HAVE_SRTP_SHUTDOWN 1
| #define HAVE_SRTP 1
| #define STDC_HEADERS 1
| #define HAVE_POLL_H 1
| #define HAVE_SYS_POLL_H 1
| #define HAVE_SYS_UIO_H 1
| #define HAVE_FCNTL_H 1
| #define HAVE_SYS_TIME_H 1
| #define HAVE_UNISTD_H 1
| #define HAVE_LINUX_SOUNDCARD_H 1
| #define HAVE_SYS_SHM_H 1
| #define TIME_WITH_SYS_TIME 1
| /* end confdefs.h.  */
| #ifndef __APPLE_CC__
| 	       not a universal capable compiler
| 	     #endif
| 	     typedef int dummy;
| 
configure:13019: gcc -c -g -O2 -Wall  conftest.c >&5
configure:13019: $? = 0
configure:13037: gcc -c -g -O2 -Wall  conftest.c >&5
conftest.c: In function 'main':
conftest.c:49:4: error: unknown type name 'not'
conftest.c:49:12: error: expected '=', ',', ';', 'asm' or '__attribute__' before 'endian'
configure:13037: $? = 1
configure: failed program was:
| /* confdefs.h */
| #define PACKAGE_NAME "ortp"
| #define PACKAGE_TARNAME "ortp"
| #define PACKAGE_VERSION "0.23.0"
| #define PACKAGE_STRING "ortp 0.23.0"
| #define PACKAGE_BUGREPORT ""
| #define PACKAGE_URL ""
| #define PACKAGE "ortp"
| #define VERSION "0.23.0"
| #define ORTP_MAJOR_VERSION 0
| #define ORTP_MINOR_VERSION 23
| #define ORTP_MICRO_VERSION 0
| #define ORTP_VERSION "0.23.0"
| #define STDC_HEADERS 1
| #define HAVE_SYS_TYPES_H 1
| #define HAVE_SYS_STAT_H 1
| #define HAVE_STDLIB_H 1
| #define HAVE_STRING_H 1
| #define HAVE_MEMORY_H 1
| #define HAVE_STRINGS_H 1
| #define HAVE_INTTYPES_H 1
| #define HAVE_STDINT_H 1
| #define HAVE_UNISTD_H 1
| #define HAVE_DLFCN_H 1
| #define LT_OBJDIR ".libs/"
| #define __APPLE_USE_RFC_2292 1
| #define HAVE_SETEUID 1
| #define ORTP_DEFAULT_THREAD_STACK_SIZE 0
| #define HAVE_SRTP_SHUTDOWN 1
| #define HAVE_SRTP 1
| #define STDC_HEADERS 1
| #define HAVE_POLL_H 1
| #define HAVE_SYS_POLL_H 1
| #define HAVE_SYS_UIO_H 1
| #define HAVE_FCNTL_H 1
| #define HAVE_SYS_TIME_H 1
| #define HAVE_UNISTD_H 1
| #define HAVE_LINUX_SOUNDCARD_H 1
| #define HAVE_SYS_SHM_H 1
| #define TIME_WITH_SYS_TIME 1
| /* end confdefs.h.  */
| #include <sys/types.h>
| 		#include <sys/param.h>
| 
| int
| main ()
| {
| #if BYTE_ORDER != BIG_ENDIAN
| 		 not big endian
| 		#endif
| 
|   ;
|   return 0;
| }
configure:13165: result: no
configure:13190: checking for select
configure:13190: gcc -o conftest -g -O2 -Wall   conftest.c  >&5
configure:13190: $? = 0
configure:13190: result: yes
configure:13190: checking for socket
configure:13190: gcc -o conftest -g -O2 -Wall   conftest.c  >&5
configure:13190: $? = 0
configure:13190: result: yes
configure:13190: checking for strerror
configure:13190: gcc -o conftest -g -O2 -Wall   conftest.c  >&5
configure:13190: $? = 0
configure:13190: result: yes
configure:13368: checking for doxygen
configure:13386: found /usr/bin/doxygen
configure:13399: result: /usr/bin/doxygen
configure:13420: checking for epm
configure:13438: found /usr/bin/epm
configure:13451: result: /usr/bin/epm
configure:13461: checking for mkepmlist
configure:13479: found /usr/bin/mkepmlist
configure:13492: result: /usr/bin/mkepmlist
configure:13502: checking for epminstall
configure:13520: found /usr/bin/epminstall
configure:13533: result: /usr/bin/epminstall
configure:13766: creating ./config.status

## ---------------- ##
## Cache variables. ##
## ---------------- ##

ac_cv_build=i686-pc-linux-gnu
ac_cv_c_bigendian=no
ac_cv_c_compiler_gnu=yes
ac_cv_c_const=yes
ac_cv_c_inline=inline
ac_cv_env_CC_set=
ac_cv_env_CC_value=
ac_cv_env_CFLAGS_set=
ac_cv_env_CFLAGS_value=
ac_cv_env_CPPFLAGS_set=
ac_cv_env_CPPFLAGS_value=
ac_cv_env_CPP_set=
ac_cv_env_CPP_value=
ac_cv_env_LDFLAGS_set=
ac_cv_env_LDFLAGS_value=
ac_cv_env_LIBS_set=
ac_cv_env_LIBS_value=
ac_cv_env_LIBZRTPCPP_CFLAGS_set=
ac_cv_env_LIBZRTPCPP_CFLAGS_value=
ac_cv_env_LIBZRTPCPP_LIBS_set=
ac_cv_env_LIBZRTPCPP_LIBS_value=
ac_cv_env_PKG_CONFIG_LIBDIR_set=
ac_cv_env_PKG_CONFIG_LIBDIR_value=
ac_cv_env_PKG_CONFIG_PATH_set=
ac_cv_env_PKG_CONFIG_PATH_value=
ac_cv_env_PKG_CONFIG_set=
ac_cv_env_PKG_CONFIG_value=
ac_cv_env_build_alias_set=
ac_cv_env_build_alias_value=
ac_cv_env_host_alias_set=
ac_cv_env_host_alias_value=
ac_cv_env_target_alias_set=
ac_cv_env_target_alias_value=
ac_cv_func_arc4random=no
ac_cv_func_select=yes
ac_cv_func_seteuid=yes
ac_cv_func_socket=yes
ac_cv_func_strerror=yes
ac_cv_header_dlfcn_h=yes
ac_cv_header_fcntl_h=yes
ac_cv_header_inttypes_h=yes
ac_cv_header_linux_soundcard_h=yes
ac_cv_header_memory_h=yes
ac_cv_header_poll_h=yes
ac_cv_header_srtp_srtp_h=yes
ac_cv_header_stdc=yes
ac_cv_header_stdint_h=yes
ac_cv_header_stdlib_h=yes
ac_cv_header_string_h=yes
ac_cv_header_strings_h=yes
ac_cv_header_sys_audio_h=no
ac_cv_header_sys_poll_h=yes
ac_cv_header_sys_shm_h=yes
ac_cv_header_sys_stat_h=yes
ac_cv_header_sys_time_h=yes
ac_cv_header_sys_types_h=yes
ac_cv_header_sys_uio_h=yes
ac_cv_header_time=yes
ac_cv_header_unistd_h=yes
ac_cv_host=i686-pc-linux-gnu
ac_cv_lib_pthread_pthread_mutex_init=yes
ac_cv_lib_rt_clock_gettime=yes
ac_cv_lib_srtp_sha1_update=no
ac_cv_lib_srtp_srtp_init=yes
ac_cv_lib_srtp_srtp_shutdown=yes
ac_cv_objext=o
ac_cv_path_DOXYGEN=/usr/bin/doxygen
ac_cv_path_EGREP='/bin/grep -E'
ac_cv_path_EPM=/usr/bin/epm
ac_cv_path_EPMINSTALL=/usr/bin/epminstall
ac_cv_path_FGREP='/bin/grep -F'
ac_cv_path_GREP=/bin/grep
ac_cv_path_MKEPMLIST=/usr/bin/mkepmlist
ac_cv_path_SED=/bin/sed
ac_cv_path_install='/usr/bin/install -c'
ac_cv_path_mkdir=/bin/mkdir
ac_cv_prog_AWK=gawk
ac_cv_prog_CPP='gcc -E'
ac_cv_prog_ac_ct_AR=ar
ac_cv_prog_ac_ct_CC=gcc
ac_cv_prog_ac_ct_MANIFEST_TOOL=mt
ac_cv_prog_ac_ct_OBJDUMP=objdump
ac_cv_prog_ac_ct_RANLIB=ranlib
ac_cv_prog_ac_ct_STRIP=strip
ac_cv_prog_cc_c89=
ac_cv_prog_cc_g=yes
ac_cv_prog_make_make_set=yes
ac_cv_target=i686-pc-linux-gnu
am_cv_CC_dependencies_compiler_type=gcc3
am_cv_make_support_nested_variables=yes
am_cv_prog_tar_ustar=gnutar
gl_cv_ld_output_def=no
lt_cv_ar_at_file=@
lt_cv_archive_cmds_need_lc=no
lt_cv_deplibs_check_method=pass_all
lt_cv_file_magic_cmd='$MAGIC_CMD'
lt_cv_file_magic_test_file=
lt_cv_ld_reload_flag=-r
lt_cv_nm_interface='BSD nm'
lt_cv_objdir=.libs
lt_cv_path_LD=/usr/bin/ld
lt_cv_path_NM='/usr/bin/nm -B'
lt_cv_path_mainfest_tool=no
lt_cv_prog_compiler_c_o=yes
lt_cv_prog_compiler_pic='-fPIC -DPIC'
lt_cv_prog_compiler_pic_works=yes
lt_cv_prog_compiler_rtti_exceptions=no
lt_cv_prog_compiler_static_works=yes
lt_cv_prog_gnu_ld=yes
lt_cv_sharedlib_from_linklib_cmd='printf %s\n'
lt_cv_shlibpath_overrides_runpath=no
lt_cv_sys_global_symbol_pipe='sed -n -e '\''s/^.*[	 ]\([ABCDGIRSTW][ABCDGIRSTW]*\)[	 ][	 ]*\([_A-Za-z][_A-Za-z0-9]*\)$/\1 \2 \2/p'\'' | sed '\''/ __gnu_lto/d'\'''
lt_cv_sys_global_symbol_to_c_name_address='sed -n -e '\''s/^: \([^ ]*\)[ ]*$/  {\"\1\", (void *) 0},/p'\'' -e '\''s/^[ABCDGIRSTW]* \([^ ]*\) \([^ ]*\)$/  {"\2", (void *) \&\2},/p'\'''
lt_cv_sys_global_symbol_to_c_name_address_lib_prefix='sed -n -e '\''s/^: \([^ ]*\)[ ]*$/  {\"\1\", (void *) 0},/p'\'' -e '\''s/^[ABCDGIRSTW]* \([^ ]*\) \(lib[^ ]*\)$/  {"\2", (void *) \&\2},/p'\'' -e '\''s/^[ABCDGIRSTW]* \([^ ]*\) \([^ ]*\)$/  {"lib\2", (void *) \&\2},/p'\'''
lt_cv_sys_global_symbol_to_cdecl='sed -n -e '\''s/^T .* \(.*\)$/extern int \1();/p'\'' -e '\''s/^[ABCDGIRSTW]* .* \(.*\)$/extern char \1;/p'\'''
lt_cv_sys_max_cmd_len=805306365
lt_cv_to_host_file_cmd=func_convert_file_noop
lt_cv_to_tool_file_cmd=func_convert_file_noop

## ----------------- ##
## Output variables. ##
## ----------------- ##

ACLOCAL='${SHELL} /home/dpalominop/Linphone/linphone-3.7.0/oRTP/missing --run aclocal-1.11'
AMDEPBACKSLASH='\'
AMDEP_FALSE='#'
AMDEP_TRUE=''
AMTAR='$${TAR-tar}'
AM_BACKSLASH='\'
AM_DEFAULT_V='$(AM_DEFAULT_VERBOSITY)'
AM_DEFAULT_VERBOSITY='0'
AM_V='$(V)'
AR='ar'
ARCH='i386'
AS='as'
AUTOCONF='${SHELL} /home/dpalominop/Linphone/linphone-3.7.0/oRTP/missing --run autoconf'
AUTOHEADER='${SHELL} /home/dpalominop/Linphone/linphone-3.7.0/oRTP/missing --run autoheader'
AUTOMAKE='${SHELL} /home/dpalominop/Linphone/linphone-3.7.0/oRTP/missing --run automake-1.11'
AWK='gawk'
BUILD_WIN32_FALSE=''
BUILD_WIN32_TRUE='#'
CC='gcc'
CCDEPMODE='depmode=gcc3'
CFLAGS='-g -O2 -Wall -Werror   -DORTP_INET6'
CPP='gcc -E'
CPPFLAGS=''
CYGPATH_W='echo'
DEFS='-DHAVE_CONFIG_H'
DEPDIR='.deps'
DLLTOOL='false'
DOXYGEN='/usr/bin/doxygen'
DSYMUTIL=''
DUMPBIN=''
ECHO_C=''
ECHO_N='-n'
ECHO_T=''
EGREP='/bin/grep -E'
ENABLE_TESTS_FALSE=''
ENABLE_TESTS_TRUE='#'
EPM='/usr/bin/epm'
EPMINSTALL='/usr/bin/epminstall'
EPM_PKG_EXT='deb'
EXEEXT=''
FGREP='/bin/grep -F'
GREP='/bin/grep'
HAVE_DOXYGEN_FALSE='#'
HAVE_DOXYGEN_TRUE=''
HAVE_LD_OUTPUT_DEF_FALSE=''
HAVE_LD_OUTPUT_DEF_TRUE='#'
INSTALL_DATA='${INSTALL} -m 644'
INSTALL_PROGRAM='${INSTALL}'
INSTALL_SCRIPT='${INSTALL}'
INSTALL_STRIP_PROGRAM='$(install_sh) -c -s'
LD='/usr/bin/ld'
LDFLAGS=''
LIBOBJS=''
LIBORTP_SO_CURRENT='9'
LIBORTP_SO_VERSION='9:0:0'
LIBS=''
LIBTOOL='$(SHELL) $(top_builddir)/libtool'
LIBZRTPCPP_CFLAGS=''
LIBZRTPCPP_FALSE=''
LIBZRTPCPP_LIBS=''
LIBZRTPCPP_TRUE='#'
LICENSE='LGPL'
LIPO=''
LN_S='ln -s'
LTLIBOBJS=''
MAKEINFO='${SHELL} /home/dpalominop/Linphone/linphone-3.7.0/oRTP/missing --run makeinfo'
MANIFEST_TOOL=':'
MKDIR_P='/bin/mkdir -p'
MKEPMLIST='/usr/bin/mkepmlist'
NM='/usr/bin/nm -B'
NMEDIT=''
OBJDUMP='objdump'
OBJEXT='o'
ORTPDEPS_CFLAGS=' -D_REENTRANT  -DORTP_INET6  '
ORTPDEPS_LDFLAGS=''
ORTPDEPS_LIBS=' -lpthread  -lrt  -lsrtp  '
ORTP_PKGCONFIG_VERSION='0.23.0'
ORTP_VERSION='0.23.0'
OTOOL64=''
OTOOL=''
PACKAGE='ortp'
PACKAGER='anonymous'
PACKAGE_BUGREPORT=''
PACKAGE_NAME='ortp'
PACKAGE_STRING='ortp 0.23.0'
PACKAGE_TARNAME='ortp'
PACKAGE_URL=''
PACKAGE_VERSION='0.23.0'
PATH_SEPARATOR=':'
PKG_CONFIG=''
PKG_CONFIG_LIBDIR=''
PKG_CONFIG_PATH=''
PTHREAD_CFLAGS='-D_REENTRANT'
PTHREAD_LDFLAGS=''
PTHREAD_LIBS='-lpthread'
RANLIB='ranlib'
RELEASE='1'
RT_LIBS='-lrt'
SED='/bin/sed'
SET_MAKE=''
SHELL='/bin/bash'
SRTP_CFLAGS=''
SRTP_LIBS=' -lsrtp'
SSL_LIBS=''
STRIP='strip'
SUMMARY='An LGPL implementation of RTP - RFC3550'
SYS_GROUP='root'
SYS_USER='root'
VENDOR='Linphone'
VERSION='0.23.0'
WITH_EPM_FALSE='#'
WITH_EPM_TRUE=''
ac_ct_AR='ar'
ac_ct_CC='gcc'
ac_ct_DUMPBIN=''
am__EXEEXT_FALSE=''
am__EXEEXT_TRUE='#'
am__fastdepCC_FALSE='#'
am__fastdepCC_TRUE=''
am__include='include'
am__isrc=''
am__leading_dot='.'
am__nodep='_no'
am__quote=''
am__tar='tar --format=ustar -chf - "$$tardir"'
am__untar='tar -xf -'
bindir='${exec_prefix}/bin'
build='i686-pc-linux-gnu'
build_alias=''
build_cpu='i686'
build_os='linux-gnu'
build_vendor='pc'
datadir='${datarootdir}'
datarootdir='${prefix}/share'
docdir='${datarootdir}/doc'
dvidir='${docdir}'
exec_prefix='${prefix}'
host='i686-pc-linux-gnu'
host_alias=''
host_cpu='i686'
host_os='linux-gnu'
host_vendor='pc'
htmldir='${docdir}'
includedir='${prefix}/include'
infodir='${datarootdir}/info'
install_sh='${SHELL} /home/dpalominop/Linphone/linphone-3.7.0/oRTP/install-sh'
libdir='${exec_prefix}/lib'
libexecdir='${exec_prefix}/libexec'
localedir='${datarootdir}/locale'
localstatedir='${prefix}/var'
mandir='${datarootdir}/man'
oldincludedir='/usr/include'
pdfdir='${docdir}'
prefix='/usr/local/NeoLine'
program_transform_name='s,x,x,'
psdir='${docdir}'
sbindir='${exec_prefix}/sbin'
sharedstatedir='${prefix}/com'
sysconfdir='${prefix}/etc'
target='i686-pc-linux-gnu'
target_alias=''
target_cpu='i686'
target_os='linux-gnu'
target_vendor='pc'

## ----------- ##
## confdefs.h. ##
## ----------- ##

/* confdefs.h */
#define PACKAGE_NAME "ortp"
#define PACKAGE_TARNAME "ortp"
#define PACKAGE_VERSION "0.23.0"
#define PACKAGE_STRING "ortp 0.23.0"
#define PACKAGE_BUGREPORT ""
#define PACKAGE_URL ""
#define PACKAGE "ortp"
#define VERSION "0.23.0"
#define ORTP_MAJOR_VERSION 0
#define ORTP_MINOR_VERSION 23
#define ORTP_MICRO_VERSION 0
#define ORTP_VERSION "0.23.0"
#define STDC_HEADERS 1
#define HAVE_SYS_TYPES_H 1
#define HAVE_SYS_STAT_H 1
#define HAVE_STDLIB_H 1
#define HAVE_STRING_H 1
#define HAVE_MEMORY_H 1
#define HAVE_STRINGS_H 1
#define HAVE_INTTYPES_H 1
#define HAVE_STDINT_H 1
#define HAVE_UNISTD_H 1
#define HAVE_DLFCN_H 1
#define LT_OBJDIR ".libs/"
#define __APPLE_USE_RFC_2292 1
#define HAVE_SETEUID 1
#define ORTP_DEFAULT_THREAD_STACK_SIZE 0
#define HAVE_SRTP_SHUTDOWN 1
#define HAVE_SRTP 1
#define STDC_HEADERS 1
#define HAVE_POLL_H 1
#define HAVE_SYS_POLL_H 1
#define HAVE_SYS_UIO_H 1
#define HAVE_FCNTL_H 1
#define HAVE_SYS_TIME_H 1
#define HAVE_UNISTD_H 1
#define HAVE_LINUX_SOUNDCARD_H 1
#define HAVE_SYS_SHM_H 1
#define TIME_WITH_SYS_TIME 1
#define HAVE_SELECT 1
#define HAVE_SOCKET 1
#define HAVE_STRERROR 1
#define POSIXTIMER_INTERVAL 10000

configure: exit 0

## ---------------------- ##
## Running config.status. ##
## ---------------------- ##

This file was extended by ortp config.status 0.23.0, which was
generated by GNU Autoconf 2.69.  Invocation command line was

  CONFIG_FILES    = 
  CONFIG_HEADERS  = 
  CONFIG_LINKS    = 
  CONFIG_COMMANDS = 
  $ ./config.status 

on CudaTeam

config.status:1169: creating Makefile
config.status:1169: creating include/Makefile
config.status:1169: creating include/ortp/Makefile
config.status:1169: creating m4/Makefile
config.status:1169: creating src/Makefile
config.status:1169: creating src/tests/Makefile
config.status:1169: creating src/tests/win_receiver/Makefile
config.status:1169: creating src/tests/win_sender/Makefile
config.status:1169: creating build/Makefile
config.status:1169: creating build/win32native/Makefile
config.status:1169: creating build/wince/Makefile
config.status:1169: creating build/winmob/Makefile
config.status:1169: creating ortp.pc
config.status:1169: creating ortp.spec
config.status:1169: creating ortp.doxygen
config.status:1169: creating ortp-config.h
config.status:1350: ortp-config.h is unchanged
config.status:1398: executing depfiles commands
config.status:1398: executing libtool commands
config.status:1398: executing libtool-hacking commands

## ---------------------- ##
## Running config.status. ##
## ---------------------- ##

This file was extended by ortp config.status 0.23.0, which was
generated by GNU Autoconf 2.69.  Invocation command line was

  CONFIG_FILES    = 
  CONFIG_HEADERS  = 
  CONFIG_LINKS    = 
  CONFIG_COMMANDS = 
  $ ./config.status ortp-config.h

on CudaTeam

config.status:1169: creating ortp-config.h
config.status:1350: ortp-config.h is unchanged
